2014/12/14 18:38:27 にビルドを開始しました。
     1>ノード 3 上のプロジェクト "F:\src\v8_3_18_x64\tools\gyp\v8_snapshot.vcxproj" (rebuild ターゲット)。
     1>_PrepareForClean:
         ファイル "..\..\build\Debug\obj\v8_snapshot\v8_snapshot.lastbuildstate" を削除しています。
       InitializeBuildStatus:
         "AlwaysCreate" が指定されたため "..\..\build\Debug\obj\v8_snapshot\v8_snapshot.unsuccessfulbuild" を作成しています。
       CustomBuild:
         run_mksnapshot
       ClCompile:
         F:\Program Files (x86)\Microsoft Visual Studio 10.0\VC\bin\x86_amd64\CL.exe /c /I..\..\src /Zi /nologo /W3 /WX /Od /D _CRT_SECURE_NO_DEPRECATE /D _CRT_NONSTDC_NO_DEPRECATE /D _HAS_EXCEPTIONS=0 /D ENABLE_DEBUGGER_SUPPORT /D V8_TARGET_ARCH_X64 /D WIN32 /D DEBUG /D ENABLE_DISASSEMBLER /D V8_ENABLE_CHECKS /D OBJECT_PRINT /D VERIFY_HEAP /D ENABLE_EXTRA_CHECKS /D _UNICODE /D UNICODE /Gm- /MTd /GS /Gy /fp:precise /Zc:wchar_t /Zc:forScope /GR- /Fo"..\..\build\Debug\obj\v8_snapshot\\" /Fd"..\..\build\Debug\obj\v8_snapshot\vc100.pdb" /Gd /TP /wd4355 /wd4800 /errorReport:prompt ..\..\build\Debug\obj\global_intermediate\libraries.cc "..\..\build\Debug\obj\global_intermediate\experimental-libraries.cc" ..\..\build\Debug\obj\v8_snapshot\\snapshot.cc /MP 
         libraries.cc
         experimental-libraries.cc
         snapshot.cc
       Lib:
         F:\Program Files (x86)\Microsoft Visual Studio 10.0\VC\bin\x86_amd64\Lib.exe /OUT:"..\..\build\Debug\lib\v8_snapshot.lib" /NOLOGO ..\..\build\Debug\obj\v8_snapshot\libraries.obj
         "..\..\build\Debug\obj\v8_snapshot\experimental-libraries.obj"
         ..\..\build\Debug\obj\v8_snapshot\snapshot.obj /ignore:4221 
         v8_snapshot.vcxproj -> ..\..\build\Debug\lib\v8_snapshot.lib
       FinalizeBuildStatus:
         ファイル "..\..\build\Debug\obj\v8_snapshot\v8_snapshot.unsuccessfulbuild" を削除しています。
         "..\..\build\Debug\obj\v8_snapshot\v8_snapshot.lastbuildstate" のタッチ タスクを実行しています。
     1>プロジェクト "F:\src\v8_3_18_x64\tools\gyp\v8_snapshot.vcxproj" (rebuild ターゲット) のビルドが完了しました。

ビルドに成功しました。

経過時間 00:00:05.24
