F:\SRC\V8_3_18_X64\BUILD\DEBUG\LIB\V8_SNAPSHOT.LIB
F:\src\v8_3_18_x64\build\Debug\obj\v8_snapshot\CL.10856.read.1.tlog
F:\src\v8_3_18_x64\build\Debug\obj\v8_snapshot\CL.10856.write.1.tlog
F:\src\v8_3_18_x64\build\Debug\obj\v8_snapshot\CL.16344.read.1.tlog
F:\src\v8_3_18_x64\build\Debug\obj\v8_snapshot\CL.16344.write.1.tlog
F:\src\v8_3_18_x64\build\Debug\obj\v8_snapshot\CL.16964.read.1.tlog
F:\src\v8_3_18_x64\build\Debug\obj\v8_snapshot\CL.16964.write.1.tlog
F:\src\v8_3_18_x64\build\Debug\obj\v8_snapshot\cl.command.1.tlog
F:\src\v8_3_18_x64\build\Debug\obj\v8_snapshot\CL.read.1.tlog
F:\src\v8_3_18_x64\build\Debug\obj\v8_snapshot\cl.write.1.tlog
F:\src\v8_3_18_x64\build\Debug\obj\v8_snapshot\custombuild.command.1.tlog
F:\src\v8_3_18_x64\build\Debug\obj\v8_snapshot\custombuild.read.1.tlog
F:\src\v8_3_18_x64\build\Debug\obj\v8_snapshot\custombuild.write.1.tlog
F:\src\v8_3_18_x64\build\Debug\obj\v8_snapshot\experimental-libraries.obj
F:\src\v8_3_18_x64\build\Debug\obj\v8_snapshot\lib.command.1.tlog
F:\src\v8_3_18_x64\build\Debug\obj\v8_snapshot\Lib-link.read.1.tlog
F:\src\v8_3_18_x64\build\Debug\obj\v8_snapshot\Lib-link.write.1.tlog
F:\src\v8_3_18_x64\build\Debug\obj\v8_snapshot\libraries.obj
F:\SRC\V8_3_18_X64\BUILD\DEBUG\OBJ\V8_SNAPSHOT\SNAPSHOT.CC
F:\src\v8_3_18_x64\build\Debug\obj\v8_snapshot\snapshot.obj
F:\src\v8_3_18_x64\build\Debug\obj\v8_snapshot\v8_snapshot.write.1.tlog
F:\SRC\V8_3_18_X64\BUILD\DEBUG\OBJ\V8_SNAPSHOT\VC100.PDB
