..\build\Release\\d8.exe
..\build\Release\d8.pdb
F:\SRC\V8_3_18_X64\BUILD\RELEASE\D8.EXE
F:\SRC\V8_3_18_X64\BUILD\RELEASE\D8.PDB
F:\src\v8_3_18_x64\build\Release\obj\d8\CL.13676.read.1.tlog
F:\src\v8_3_18_x64\build\Release\obj\d8\CL.13676.write.1.tlog
F:\src\v8_3_18_x64\build\Release\obj\d8\CL.14056.read.1.tlog
F:\src\v8_3_18_x64\build\Release\obj\d8\CL.14056.write.1.tlog
F:\src\v8_3_18_x64\build\Release\obj\d8\CL.15416.read.1.tlog
F:\src\v8_3_18_x64\build\Release\obj\d8\CL.15416.write.1.tlog
F:\src\v8_3_18_x64\build\Release\obj\d8\CL.5004.read.1.tlog
F:\src\v8_3_18_x64\build\Release\obj\d8\CL.5004.write.1.tlog
F:\src\v8_3_18_x64\build\Release\obj\d8\cl.command.1.tlog
F:\src\v8_3_18_x64\build\Release\obj\d8\CL.read.1.tlog
F:\src\v8_3_18_x64\build\Release\obj\d8\cl.write.1.tlog
F:\SRC\V8_3_18_X64\BUILD\RELEASE\OBJ\D8\D8.EXE.INTERMEDIATE.MANIFEST
F:\src\v8_3_18_x64\build\Release\obj\d8\d8.obj
F:\src\v8_3_18_x64\build\Release\obj\d8\d8.write.1.tlog
F:\src\v8_3_18_x64\build\Release\obj\d8\d8-debug.obj
F:\src\v8_3_18_x64\build\Release\obj\d8\d8-js.obj
F:\src\v8_3_18_x64\build\Release\obj\d8\d8-windows.obj
F:\src\v8_3_18_x64\build\Release\obj\d8\link.8940.read.1.tlog
F:\src\v8_3_18_x64\build\Release\obj\d8\link.8940.write.1.tlog
F:\src\v8_3_18_x64\build\Release\obj\d8\link.command.1.tlog
F:\src\v8_3_18_x64\build\Release\obj\d8\link.read.1.tlog
F:\src\v8_3_18_x64\build\Release\obj\d8\link.write.1.tlog
F:\src\v8_3_18_x64\build\Release\obj\d8\mt.command.1.tlog
F:\src\v8_3_18_x64\build\Release\obj\d8\mt.read.1.tlog
F:\src\v8_3_18_x64\build\Release\obj\d8\mt.write.1.tlog
F:\SRC\V8_3_18_X64\BUILD\RELEASE\OBJ\D8\VC100.PDB
