..\build\Release\\preparser.exe
..\build\Release\preparser.pdb
F:\src\v8_3_18_x64\build\Release\obj\preparser\CL.11544.read.1.tlog
F:\src\v8_3_18_x64\build\Release\obj\preparser\CL.11544.write.1.tlog
F:\src\v8_3_18_x64\build\Release\obj\preparser\CL.16280.read.1.tlog
F:\src\v8_3_18_x64\build\Release\obj\preparser\CL.16280.write.1.tlog
F:\src\v8_3_18_x64\build\Release\obj\preparser\cl.command.1.tlog
F:\src\v8_3_18_x64\build\Release\obj\preparser\CL.read.1.tlog
F:\src\v8_3_18_x64\build\Release\obj\preparser\cl.write.1.tlog
F:\src\v8_3_18_x64\build\Release\obj\preparser\link.12660.read.1.tlog
F:\src\v8_3_18_x64\build\Release\obj\preparser\link.12660.write.1.tlog
F:\src\v8_3_18_x64\build\Release\obj\preparser\link.command.1.tlog
F:\src\v8_3_18_x64\build\Release\obj\preparser\link.read.1.tlog
F:\src\v8_3_18_x64\build\Release\obj\preparser\link.write.1.tlog
F:\src\v8_3_18_x64\build\Release\obj\preparser\mt.command.1.tlog
F:\src\v8_3_18_x64\build\Release\obj\preparser\mt.read.1.tlog
F:\src\v8_3_18_x64\build\Release\obj\preparser\mt.write.1.tlog
F:\SRC\V8_3_18_X64\BUILD\RELEASE\OBJ\PREPARSER\PREPARSER.EXE.INTERMEDIATE.MANIFEST
F:\src\v8_3_18_x64\build\Release\obj\preparser\preparser.write.1.tlog
F:\src\v8_3_18_x64\build\Release\obj\preparser\preparser-api.obj
F:\src\v8_3_18_x64\build\Release\obj\preparser\preparser-process.obj
F:\SRC\V8_3_18_X64\BUILD\RELEASE\OBJ\PREPARSER\VC100.PDB
F:\SRC\V8_3_18_X64\BUILD\RELEASE\PREPARSER.EXE
F:\SRC\V8_3_18_X64\BUILD\RELEASE\PREPARSER.PDB
