..\..\build\Release\lib\v8_nosnapshot.x64.lib
F:\SRC\V8_3_18_X64\BUILD\RELEASE\LIB\V8_NOSNAPSHOT.X64.LIB
F:\src\v8_3_18_x64\build\Release\obj\v8_nosnapshot.x64\CL.12396.read.1.tlog
F:\src\v8_3_18_x64\build\Release\obj\v8_nosnapshot.x64\CL.12396.write.1.tlog
F:\src\v8_3_18_x64\build\Release\obj\v8_nosnapshot.x64\CL.13548.read.1.tlog
F:\src\v8_3_18_x64\build\Release\obj\v8_nosnapshot.x64\CL.13548.write.1.tlog
F:\src\v8_3_18_x64\build\Release\obj\v8_nosnapshot.x64\CL.6644.read.1.tlog
F:\src\v8_3_18_x64\build\Release\obj\v8_nosnapshot.x64\CL.6644.write.1.tlog
F:\src\v8_3_18_x64\build\Release\obj\v8_nosnapshot.x64\cl.command.1.tlog
F:\src\v8_3_18_x64\build\Release\obj\v8_nosnapshot.x64\CL.read.1.tlog
F:\src\v8_3_18_x64\build\Release\obj\v8_nosnapshot.x64\cl.write.1.tlog
F:\src\v8_3_18_x64\build\Release\obj\v8_nosnapshot.x64\experimental-libraries.obj
F:\src\v8_3_18_x64\build\Release\obj\v8_nosnapshot.x64\lib.command.1.tlog
F:\src\v8_3_18_x64\build\Release\obj\v8_nosnapshot.x64\Lib-link.7980.read.1.tlog
F:\src\v8_3_18_x64\build\Release\obj\v8_nosnapshot.x64\Lib-link.7980.write.1.tlog
F:\src\v8_3_18_x64\build\Release\obj\v8_nosnapshot.x64\Lib-link.read.1.tlog
F:\src\v8_3_18_x64\build\Release\obj\v8_nosnapshot.x64\Lib-link.write.1.tlog
F:\src\v8_3_18_x64\build\Release\obj\v8_nosnapshot.x64\libraries.obj
F:\src\v8_3_18_x64\build\Release\obj\v8_nosnapshot.x64\snapshot-empty.obj
F:\src\v8_3_18_x64\build\Release\obj\v8_nosnapshot.x64\v8_nosnapshot.x64.write.1.tlog
F:\SRC\V8_3_18_X64\BUILD\RELEASE\OBJ\V8_NOSNAPSHOT.X64\VC100.PDB
