Build started 26-Nov-23 14:36:37.
     1>Project "C:\mikumikuonline_src\src\DxLibMake3_22e\DxDrawFuncMake.vcxproj" on node 2 (build target(s)).
     1>InitializeBuildStatus:
         Creating "DrawFunc_Release\DxDrawFunc.unsuccessfulbuild" because "AlwaysCreate" was specified.
       ClCompile:
         C:\Program Files (x86)\Microsoft Visual Studio 10.0\VC\bin\CL.exe /c /nologo /W3 /WX- /O2 /Oi /Ot /Oy- /D WIN32 /D NDEBUG /D _LIB /D _VC80_UPGRADE=0x0710 /D _MBCS /Gm- /EHsc /MD /GS- /fp:precise /Zc:wchar_t /Zc:forScope /Fo"DrawFunc_Release\\" /Fd"DrawFunc_Release\vc100.pdb" /Gd /TP /analyze- /errorReport:prompt DxMemImgDrawFunction0.cpp DxMemImgDrawFunction1.cpp DxMemImgDrawFunction2.cpp DxMemImgDrawFunction3.cpp
         DxMemImgDrawFunction0.cpp
         DxMemImgDrawFunction1.cpp
         DxMemImgDrawFunction2.cpp
         DxMemImgDrawFunction3.cpp
         Generating Code...
       Lib:
         C:\Program Files (x86)\Microsoft Visual Studio 10.0\VC\bin\Lib.exe /OUT:"DrawFunc_Release\DxDrawFunc.lib" /NOLOGO DrawFunc_Release\DxMemImgDrawFunction0.obj
         DrawFunc_Release\DxMemImgDrawFunction1.obj
         DrawFunc_Release\DxMemImgDrawFunction2.obj
         DrawFunc_Release\DxMemImgDrawFunction3.obj
         DxDrawFuncMake.vcxproj -> C:\mikumikuonline_src\src\DxLibMake3_22e\DrawFunc_Release\DxDrawFunc.lib
       FinalizeBuildStatus:
         Deleting file "DrawFunc_Release\DxDrawFunc.unsuccessfulbuild".
         Touching "DrawFunc_Release\DxDrawFunc.lastbuildstate".
     1>Done Building Project "C:\mikumikuonline_src\src\DxLibMake3_22e\DxDrawFuncMake.vcxproj" (build target(s)).

Build succeeded.

Time Elapsed 00:02:21.43
