2014/11/24 22:10:39 にビルドを開始しました。
     1>ノード 5 上のプロジェクト "F:\src\v8_3_18_x64\tools\gyp\mksnapshot.x64.vcxproj" (rebuild ターゲット)。
     1>_PrepareForClean:
         ファイル "..\..\build\Release\obj\mksnapshot.x64\mksnapshot.x64.lastbuildstate" を削除しています。
       InitializeBuildStatus:
         "AlwaysCreate" が指定されたため "..\..\build\Release\obj\mksnapshot.x64\mksnapshot.x64.unsuccessfulbuild" を作成しています。
       ClCompile:
         F:\Program Files (x86)\Microsoft Visual Studio 10.0\VC\bin\x86_amd64\CL.exe /c /I..\..\src /Zi /nologo /W3 /WX /O2 /Ob2 /Oi /GL /D _CRT_SECURE_NO_DEPRECATE /D _CRT_NONSTDC_NO_DEPRECATE /D _HAS_EXCEPTIONS=0 /D ENABLE_DEBUGGER_SUPPORT /D V8_TARGET_ARCH_X64 /D WIN32 /D _UNICODE /D UNICODE /GF /Gm- /MT /GS /Gy /fp:precise /Zc:wchar_t /Zc:forScope /GR- /Fo"..\..\build\Release\obj\mksnapshot.x64\\" /Fd"..\..\build\Release\obj\mksnapshot.x64\vc100.pdb" /Gd /TP /wd4355 /wd4800 /errorReport:prompt ..\..\src\mksnapshot.cc /MP 
         mksnapshot.cc
       Link:
         F:\Program Files (x86)\Microsoft Visual Studio 10.0\VC\bin\x86_amd64\link.exe /ERRORREPORT:PROMPT /OUT:"..\..\build\Release\mksnapshot.x64.exe" /INCREMENTAL:NO /NOLOGO ws2_32.lib winmm.lib ws2_32.lib kernel32.lib user32.lib gdi32.lib winspool.lib comdlg32.lib advapi32.lib shell32.lib ole32.lib oleaut32.lib uuid.lib odbc32.lib odbccp32.lib /MANIFEST /ManifestFile:"..\..\build\Release\obj\mksnapshot.x64\mksnapshot.x64.exe.intermediate.manifest" /MANIFESTUAC:"level='asInvoker' uiAccess='false'" /DEBUG /PDB:"F:\src\v8_3_18_x64\build\Release\mksnapshot.x64.pdb" /SUBSYSTEM:CONSOLE /STACK:"2097152" /OPT:REF /OPT:ICF /TLBID:1 /DYNAMICBASE /FIXED:NO /NXCOMPAT /IMPLIB:"..\..\build\Release\lib\mksnapshot.x64.lib" /MACHINE:X64 ..\..\build\Release\obj\mksnapshot.x64\mksnapshot.obj
         F:\src\v8_3_18_x64\build\Release\lib\v8_base.x64.lib
         F:\src\v8_3_18_x64\build\Release\lib\v8_nosnapshot.x64.lib
         mksnapshot.obj : MSIL .netmodule または /GL を伴ってコンパイルされたモジュールが見つかりました。/LTCG を使用して再開始してください。リンカーのパフォーマンスを向上させるためには、コマンドラインに /LTCG を追加してください。
         コード生成しています。
         コード生成が終了しました。
         mksnapshot.x64.vcxproj -> ..\..\build\Release\\mksnapshot.x64.exe
       Manifest:
         C:\Program Files (x86)\Microsoft SDKs\Windows\v7.0A\bin\mt.exe /nologo /verbose /outputresource:"..\..\build\Release\mksnapshot.x64.exe;#1" /manifest ..\..\build\Release\obj\mksnapshot.x64\mksnapshot.x64.exe.intermediate.manifest
       FinalizeBuildStatus:
         ファイル "..\..\build\Release\obj\mksnapshot.x64\mksnapshot.x64.unsuccessfulbuild" を削除しています。
         "..\..\build\Release\obj\mksnapshot.x64\mksnapshot.x64.lastbuildstate" のタッチ タスクを実行しています。
     1>プロジェクト "F:\src\v8_3_18_x64\tools\gyp\mksnapshot.x64.vcxproj" (rebuild ターゲット) のビルドが完了しました。

ビルドに成功しました。

経過時間 00:01:23.75
