..\build\Debug\\lineprocessor.exe
..\build\Debug\lineprocessor.ilk
..\build\Debug\lineprocessor.pdb
F:\SRC\V8_3_18_X64\BUILD\DEBUG\LINEPROCESSOR.EXE
F:\SRC\V8_3_18_X64\BUILD\DEBUG\LINEPROCESSOR.ILK
F:\SRC\V8_3_18_X64\BUILD\DEBUG\LINEPROCESSOR.PDB
F:\src\v8_3_18_x64\build\Debug\obj\lineprocessor\cl.command.1.tlog
F:\src\v8_3_18_x64\build\Debug\obj\lineprocessor\CL.read.1.tlog
F:\src\v8_3_18_x64\build\Debug\obj\lineprocessor\CL.write.1.tlog
F:\SRC\V8_3_18_X64\BUILD\DEBUG\OBJ\LINEPROCESSOR\LINEPROCESSOR.EXE.EMBED.MANIFEST
F:\SRC\V8_3_18_X64\BUILD\DEBUG\OBJ\LINEPROCESSOR\LINEPROCESSOR.EXE.EMBED.MANIFEST.RES
F:\SRC\V8_3_18_X64\BUILD\DEBUG\OBJ\LINEPROCESSOR\LINEPROCESSOR.EXE.INTERMEDIATE.MANIFEST
F:\SRC\V8_3_18_X64\BUILD\DEBUG\OBJ\LINEPROCESSOR\LINEPROCESSOR.OBJ
F:\src\v8_3_18_x64\build\Debug\obj\lineprocessor\lineprocessor.write.1.tlog
F:\src\v8_3_18_x64\build\Debug\obj\lineprocessor\lineprocessor_manifest.rc
F:\src\v8_3_18_x64\build\Debug\obj\lineprocessor\link.8496.read.1.tlog
F:\src\v8_3_18_x64\build\Debug\obj\lineprocessor\link.8496.write.1.tlog
F:\src\v8_3_18_x64\build\Debug\obj\lineprocessor\link.8496-cvtres.read.1.tlog
F:\src\v8_3_18_x64\build\Debug\obj\lineprocessor\link.8496-cvtres.write.1.tlog
F:\src\v8_3_18_x64\build\Debug\obj\lineprocessor\link.command.1.tlog
F:\src\v8_3_18_x64\build\Debug\obj\lineprocessor\link.read.1.tlog
F:\src\v8_3_18_x64\build\Debug\obj\lineprocessor\link.write.1.tlog
F:\src\v8_3_18_x64\build\Debug\obj\lineprocessor\link-cvtres.read.1.tlog
F:\src\v8_3_18_x64\build\Debug\obj\lineprocessor\link-cvtres.write.1.tlog
F:\src\v8_3_18_x64\build\Debug\obj\lineprocessor\mt.command.1.tlog
F:\src\v8_3_18_x64\build\Debug\obj\lineprocessor\mt.read.1.tlog
F:\src\v8_3_18_x64\build\Debug\obj\lineprocessor\mt.write.1.tlog
F:\src\v8_3_18_x64\build\Debug\obj\lineprocessor\rc.command.1.tlog
F:\src\v8_3_18_x64\build\Debug\obj\lineprocessor\rc.read.1.tlog
F:\src\v8_3_18_x64\build\Debug\obj\lineprocessor\rc.write.1.tlog
F:\SRC\V8_3_18_X64\BUILD\DEBUG\OBJ\LINEPROCESSOR\VC100.PDB
