Build started 26-Nov-23 15:07:08.
     1>Project "C:\mikumikuonline_src\src\cryptopp562\cryptdll.vcxproj" on node 2 (build target(s)).
     1>InitializeBuildStatus:
         Creating "Win32\cryptopp\Release\cryptopp.unsuccessfulbuild" because "AlwaysCreate" was specified.
       ClCompile:
         All outputs are up-to-date.
         C:\Program Files (x86)\Microsoft Visual Studio 10.0\VC\bin\CL.exe /c /Zi /nologo /W3 /WX- /O1 /Ob2 /Oi /Os /Oy /GL /D NDEBUG /D WIN32 /D _WINDOWS /D _MBCS /D _USRDLL /D CRYPTOPP_EXPORTS /D CRYPTOPP_ENABLE_COMPLIANCE_WITH_FIPS_140_2=1 /D USE_PRECOMPILED_HEADERS /GF /Gm- /EHsc /MT /GS /Gy /arch:SSE /fp:precise /Zc:wchar_t /Zc:forScope /Yc"pch.h" /Fp"Win32\cryptopp\Release\cryptopp.pch" /Fo"Win32\cryptopp\Release\\" /Fd"Win32\DLL_Output\Release\vc80.pdb" /Gd /TP /analyze- /errorReport:prompt pch.cpp /Zm200  
         pch.cpp
         C:\Program Files (x86)\Microsoft Visual Studio 10.0\VC\bin\CL.exe /c /Zi /nologo /W3 /WX- /O1 /Ob2 /Oi /Os /Oy /GL /D NDEBUG /D WIN32 /D _WINDOWS /D _MBCS /D _USRDLL /D CRYPTOPP_EXPORTS /D CRYPTOPP_ENABLE_COMPLIANCE_WITH_FIPS_140_2=1 /D USE_PRECOMPILED_HEADERS /GF /Gm- /EHsc /MT /GS /Gy /arch:SSE /fp:precise /Zc:wchar_t /Zc:forScope /Yu"pch.h" /Fp"Win32\cryptopp\Release\cryptopp.pch" /Fo"Win32\cryptopp\Release\\" /Fd"Win32\DLL_Output\Release\vc80.pdb" /Gd /TP /analyze- /errorReport:prompt algebra.cpp algparam.cpp asn.cpp basecode.cpp cbcmac.cpp channels.cpp cryptlib.cpp des.cpp dessp.cpp dh.cpp dsa.cpp ec2n.cpp eccrypto.cpp ecp.cpp eprecomp.cpp files.cpp filters.cpp fips140.cpp fipstest.cpp gf2n.cpp gfpcrypt.cpp hex.cpp hmac.cpp integer.cpp misc.cpp modes.cpp mqueue.cpp nbtheory.cpp oaep.cpp osrng.cpp pkcspad.cpp pubkey.cpp queue.cpp randpool.cpp rdtables.cpp rijndael.cpp rng.cpp rsa.cpp sha.cpp simple.cpp skipjack.cpp strciphr.cpp trdlocal.cpp /Zm200  
         algebra.cpp
         algparam.cpp
         asn.cpp
         basecode.cpp
         cbcmac.cpp
         channels.cpp
         cryptlib.cpp
         des.cpp
         dessp.cpp
         dh.cpp
         dsa.cpp
         ec2n.cpp
         eccrypto.cpp
         ecp.cpp
         eprecomp.cpp
         files.cpp
         filters.cpp
         fips140.cpp
         fipstest.cpp
         gf2n.cpp
         Compiling...
         gfpcrypt.cpp
         hex.cpp
         hmac.cpp
         integer.cpp
         misc.cpp
         modes.cpp
         mqueue.cpp
         nbtheory.cpp
         oaep.cpp
         osrng.cpp
         pkcspad.cpp
         pubkey.cpp
         queue.cpp
         randpool.cpp
         rdtables.cpp
         rijndael.cpp
         rng.cpp
         rsa.cpp
         sha.cpp
         simple.cpp
         Compiling...
         skipjack.cpp
         strciphr.cpp
         trdlocal.cpp
         C:\Program Files (x86)\Microsoft Visual Studio 10.0\VC\bin\CL.exe /c /Zi /nologo /W3 /WX- /O1 /Ob2 /Oi /Os /Oy /GL /D NDEBUG /D WIN32 /D _WINDOWS /D _USRDLL /D CRYPTOPP_EXPORTS /D CRYPTOPP_ENABLE_COMPLIANCE_WITH_FIPS_140_2=1 /D USE_PRECOMPILED_HEADERS /D _VC80_UPGRADE=0x0710 /D _WINDLL /D _MBCS /GF /Gm- /EHsc /MT /GS /Gy /arch:SSE /fp:precise /Zc:wchar_t /Zc:forScope /Yu"pch.h" /Fp"Win32\cryptopp\Release\cryptopp.pch" /Fo"Win32\cryptopp\Release\\" /Fd"Win32\DLL_Output\Release\vc80.pdb" /Gd /TP /analyze- /errorReport:prompt authenc.cpp ccm.cpp cmac.cpp cpu.cpp emsa2.cpp gcm.cpp hrtimer.cpp pssr.cpp rw.cpp /Zm200  
         authenc.cpp
         ccm.cpp
         cmac.cpp
         cpu.cpp
         emsa2.cpp
         gcm.cpp
         hrtimer.cpp
         pssr.cpp
         rw.cpp
         All outputs are up-to-date.
         C:\Program Files (x86)\Microsoft Visual Studio 10.0\VC\bin\CL.exe /c /Zi /nologo /W3 /WX- /O1 /Ob2 /Oi /Os /Oy /GL /D NDEBUG /D WIN32 /D _WINDOWS /D _MBCS /D _USRDLL /D CRYPTOPP_EXPORTS /D CRYPTOPP_ENABLE_COMPLIANCE_WITH_FIPS_140_2=1 /D USE_PRECOMPILED_HEADERS /GF /Gm- /EHsc /MT /GS /Gy /arch:SSE /fp:precise /Zc:wchar_t /Zc:forScope /Fo"Win32\cryptopp\Release\\" /Fd"Win32\DLL_Output\Release\vc80.pdb" /Gd /TP /analyze- /errorReport:prompt dll.cpp iterhash.cpp /Zm200  
         dll.cpp
         iterhash.cpp
       ResourceCompile:
         All outputs are up-to-date.
       Link:
         C:\Program Files (x86)\Microsoft Visual Studio 10.0\VC\bin\link.exe /ERRORREPORT:PROMPT /OUT:"Win32\DLL_Output\Release\cryptopp.dll" /NOLOGO R:\DXSDKDEC06\Lib\x86\d3dx.lib R:\DXSDKDEC06\Lib\x86\ddraw.lib kernel32.lib user32.lib gdi32.lib winspool.lib comdlg32.lib advapi32.lib shell32.lib ole32.lib oleaut32.lib uuid.lib odbc32.lib odbccp32.lib /MANIFEST /ManifestFile:"Win32\cryptopp\Release\cryptopp.dll.intermediate.manifest" /MANIFESTUAC:"level='asInvoker' uiAccess='false'" /DEBUG /PDB:"C:\mikumikuonline_src\src\cryptopp562\Win32\DLL_Output\Release\cryptopp.pdb" /OPT:REF /LTCG /TLBID:1 /BASE:"0x42900000" /DYNAMICBASE /NXCOMPAT /IMPLIB:"C:\mikumikuonline_src\src\cryptopp562\Win32\DLL_Output\Release\cryptopp.lib" /MACHINE:X86 /DLL Win32\cryptopp\Release\cryptopp.res
         Win32\cryptopp\Release\algebra.obj
         Win32\cryptopp\Release\algparam.obj
         Win32\cryptopp\Release\asn.obj
         Win32\cryptopp\Release\authenc.obj
         Win32\cryptopp\Release\basecode.obj
         Win32\cryptopp\Release\cbcmac.obj
         Win32\cryptopp\Release\ccm.obj
         Win32\cryptopp\Release\channels.obj
         Win32\cryptopp\Release\cmac.obj
         Win32\cryptopp\Release\cpu.obj
         Win32\cryptopp\Release\cryptlib.obj
         Win32\cryptopp\Release\des.obj
         Win32\cryptopp\Release\dessp.obj
         Win32\cryptopp\Release\dh.obj
         Win32\cryptopp\Release\dll.obj
         Win32\cryptopp\Release\dsa.obj
         Win32\cryptopp\Release\ec2n.obj
         Win32\cryptopp\Release\eccrypto.obj
         Win32\cryptopp\Release\ecp.obj
         Win32\cryptopp\Release\emsa2.obj
         Win32\cryptopp\Release\eprecomp.obj
         Win32\cryptopp\Release\files.obj
         Win32\cryptopp\Release\filters.obj
         Win32\cryptopp\Release\fips140.obj
         Win32\cryptopp\Release\fipstest.obj
         Win32\cryptopp\Release\gcm.obj
         Win32\cryptopp\Release\gf2n.obj
         Win32\cryptopp\Release\gfpcrypt.obj
         Win32\cryptopp\Release\hex.obj
         Win32\cryptopp\Release\hmac.obj
         Win32\cryptopp\Release\hrtimer.obj
         Win32\cryptopp\Release\integer.obj
         Win32\cryptopp\Release\iterhash.obj
         Win32\cryptopp\Release\misc.obj
         Win32\cryptopp\Release\modes.obj
         Win32\cryptopp\Release\mqueue.obj
         Win32\cryptopp\Release\nbtheory.obj
         Win32\cryptopp\Release\oaep.obj
         Win32\cryptopp\Release\osrng.obj
         Win32\cryptopp\Release\pch.obj
         Win32\cryptopp\Release\pkcspad.obj
         Win32\cryptopp\Release\pssr.obj
         Win32\cryptopp\Release\pubkey.obj
         Win32\cryptopp\Release\queue.obj
         Win32\cryptopp\Release\randpool.obj
         Win32\cryptopp\Release\rdtables.obj
         Win32\cryptopp\Release\rijndael.obj
         Win32\cryptopp\Release\rng.obj
         Win32\cryptopp\Release\rsa.obj
         Win32\cryptopp\Release\rw.obj
         Win32\cryptopp\Release\sha.obj
         Win32\cryptopp\Release\simple.obj
         Win32\cryptopp\Release\skipjack.obj
         Win32\cryptopp\Release\strciphr.obj
         Win32\cryptopp\Release\trdlocal.obj
            Creating library C:\mikumikuonline_src\src\cryptopp562\Win32\DLL_Output\Release\cryptopp.lib and object C:\mikumikuonline_src\src\cryptopp562\Win32\DLL_Output\Release\cryptopp.exp
         Generating code
         Finished generating code
         cryptdll.vcxproj -> C:\mikumikuonline_src\src\cryptopp562\Win32\DLL_Output\Release\cryptopp.dll
       Manifest:
         C:\Program Files (x86)\Microsoft SDKs\Windows\v7.0A\bin\mt.exe /nologo /verbose /outputresource:"Win32\DLL_Output\Release\cryptopp.dll;#2" /manifest Win32\cryptopp\Release\cryptopp.dll.intermediate.manifest
       CustomBuildStep:
         Description: Performing Custom Build Step
         Win32\output\release\cryptest mac_dll "C:\mikumikuonline_src\src\cryptopp562\Win32\DLL_Output\Release\cryptopp.dll"
         echo mac done > "Win32\DLL_Output\Release\"\cryptopp.mac.done
         
         :VCEnd
         Placing MAC in file C:\mikumikuonline_src\src\cryptopp562\Win32\DLL_Output\Release\cryptopp.dll, location 635576.
       FinalizeBuildStatus:
         Deleting file "Win32\cryptopp\Release\cryptopp.unsuccessfulbuild".
         Touching "Win32\cryptopp\Release\cryptopp.lastbuildstate".
     1>Done Building Project "C:\mikumikuonline_src\src\cryptopp562\cryptdll.vcxproj" (build target(s)).

Build succeeded.

Time Elapsed 00:00:11.73
