..\..\build\Debug\\mksnapshot.x64.exe
..\..\build\Debug\mksnapshot.x64.ilk
..\..\build\Debug\mksnapshot.x64.pdb
F:\SRC\V8_3_18_X64\BUILD\DEBUG\MKSNAPSHOT.X64.EXE
F:\SRC\V8_3_18_X64\BUILD\DEBUG\MKSNAPSHOT.X64.ILK
F:\SRC\V8_3_18_X64\BUILD\DEBUG\MKSNAPSHOT.X64.PDB
F:\src\v8_3_18_x64\build\Debug\obj\mksnapshot.x64\cl.command.1.tlog
F:\src\v8_3_18_x64\build\Debug\obj\mksnapshot.x64\CL.read.1.tlog
F:\src\v8_3_18_x64\build\Debug\obj\mksnapshot.x64\CL.write.1.tlog
F:\src\v8_3_18_x64\build\Debug\obj\mksnapshot.x64\link.15276.read.1.tlog
F:\src\v8_3_18_x64\build\Debug\obj\mksnapshot.x64\link.15276.write.1.tlog
F:\src\v8_3_18_x64\build\Debug\obj\mksnapshot.x64\link.15276-cvtres.read.1.tlog
F:\src\v8_3_18_x64\build\Debug\obj\mksnapshot.x64\link.15276-cvtres.write.1.tlog
F:\src\v8_3_18_x64\build\Debug\obj\mksnapshot.x64\link.command.1.tlog
F:\src\v8_3_18_x64\build\Debug\obj\mksnapshot.x64\link.read.1.tlog
F:\src\v8_3_18_x64\build\Debug\obj\mksnapshot.x64\link.write.1.tlog
F:\src\v8_3_18_x64\build\Debug\obj\mksnapshot.x64\link-cvtres.read.1.tlog
F:\src\v8_3_18_x64\build\Debug\obj\mksnapshot.x64\link-cvtres.write.1.tlog
F:\SRC\V8_3_18_X64\BUILD\DEBUG\OBJ\MKSNAPSHOT.X64\MKSNAPSHOT.OBJ
F:\SRC\V8_3_18_X64\BUILD\DEBUG\OBJ\MKSNAPSHOT.X64\MKSNAPSHOT.X64.EXE.EMBED.MANIFEST
F:\SRC\V8_3_18_X64\BUILD\DEBUG\OBJ\MKSNAPSHOT.X64\MKSNAPSHOT.X64.EXE.EMBED.MANIFEST.RES
F:\SRC\V8_3_18_X64\BUILD\DEBUG\OBJ\MKSNAPSHOT.X64\MKSNAPSHOT.X64.EXE.INTERMEDIATE.MANIFEST
F:\src\v8_3_18_x64\build\Debug\obj\mksnapshot.x64\mksnapshot.x64.write.1.tlog
F:\src\v8_3_18_x64\build\Debug\obj\mksnapshot.x64\mksnapshot.x64_manifest.rc
F:\src\v8_3_18_x64\build\Debug\obj\mksnapshot.x64\mt.command.1.tlog
F:\src\v8_3_18_x64\build\Debug\obj\mksnapshot.x64\mt.read.1.tlog
F:\src\v8_3_18_x64\build\Debug\obj\mksnapshot.x64\mt.write.1.tlog
F:\src\v8_3_18_x64\build\Debug\obj\mksnapshot.x64\rc.command.1.tlog
F:\src\v8_3_18_x64\build\Debug\obj\mksnapshot.x64\rc.read.1.tlog
F:\src\v8_3_18_x64\build\Debug\obj\mksnapshot.x64\rc.write.1.tlog
F:\SRC\V8_3_18_X64\BUILD\DEBUG\OBJ\MKSNAPSHOT.X64\VC100.PDB
