..\build\Debug\\preparser.exe
..\build\Debug\preparser.ilk
..\build\Debug\preparser.pdb
F:\src\v8_3_18_x64\build\Debug\obj\preparser\CL.11896.read.1.tlog
F:\src\v8_3_18_x64\build\Debug\obj\preparser\CL.11896.write.1.tlog
F:\src\v8_3_18_x64\build\Debug\obj\preparser\CL.9564.read.1.tlog
F:\src\v8_3_18_x64\build\Debug\obj\preparser\CL.9564.write.1.tlog
F:\src\v8_3_18_x64\build\Debug\obj\preparser\cl.command.1.tlog
F:\src\v8_3_18_x64\build\Debug\obj\preparser\CL.read.1.tlog
F:\src\v8_3_18_x64\build\Debug\obj\preparser\cl.write.1.tlog
F:\src\v8_3_18_x64\build\Debug\obj\preparser\link.6616.read.1.tlog
F:\src\v8_3_18_x64\build\Debug\obj\preparser\link.6616.write.1.tlog
F:\src\v8_3_18_x64\build\Debug\obj\preparser\link.6616-cvtres.read.1.tlog
F:\src\v8_3_18_x64\build\Debug\obj\preparser\link.6616-cvtres.write.1.tlog
F:\src\v8_3_18_x64\build\Debug\obj\preparser\link.command.1.tlog
F:\src\v8_3_18_x64\build\Debug\obj\preparser\link.read.1.tlog
F:\src\v8_3_18_x64\build\Debug\obj\preparser\link.write.1.tlog
F:\src\v8_3_18_x64\build\Debug\obj\preparser\link-cvtres.read.1.tlog
F:\src\v8_3_18_x64\build\Debug\obj\preparser\link-cvtres.write.1.tlog
F:\src\v8_3_18_x64\build\Debug\obj\preparser\mt.command.1.tlog
F:\src\v8_3_18_x64\build\Debug\obj\preparser\mt.read.1.tlog
F:\src\v8_3_18_x64\build\Debug\obj\preparser\mt.write.1.tlog
F:\SRC\V8_3_18_X64\BUILD\DEBUG\OBJ\PREPARSER\PREPARSER.EXE.EMBED.MANIFEST
F:\SRC\V8_3_18_X64\BUILD\DEBUG\OBJ\PREPARSER\PREPARSER.EXE.EMBED.MANIFEST.RES
F:\SRC\V8_3_18_X64\BUILD\DEBUG\OBJ\PREPARSER\PREPARSER.EXE.INTERMEDIATE.MANIFEST
F:\src\v8_3_18_x64\build\Debug\obj\preparser\preparser.write.1.tlog
F:\src\v8_3_18_x64\build\Debug\obj\preparser\preparser_manifest.rc
F:\src\v8_3_18_x64\build\Debug\obj\preparser\preparser-api.obj
F:\src\v8_3_18_x64\build\Debug\obj\preparser\preparser-process.obj
F:\src\v8_3_18_x64\build\Debug\obj\preparser\rc.command.1.tlog
F:\src\v8_3_18_x64\build\Debug\obj\preparser\rc.read.1.tlog
F:\src\v8_3_18_x64\build\Debug\obj\preparser\rc.write.1.tlog
F:\SRC\V8_3_18_X64\BUILD\DEBUG\OBJ\PREPARSER\VC100.PDB
F:\SRC\V8_3_18_X64\BUILD\DEBUG\PREPARSER.EXE
F:\SRC\V8_3_18_X64\BUILD\DEBUG\PREPARSER.ILK
F:\SRC\V8_3_18_X64\BUILD\DEBUG\PREPARSER.PDB
