..\build\Debug\\d8.exe
..\build\Debug\d8.ilk
..\build\Debug\d8.pdb
F:\SRC\V8_3_18_X64\BUILD\DEBUG\D8.EXE
F:\SRC\V8_3_18_X64\BUILD\DEBUG\D8.ILK
F:\SRC\V8_3_18_X64\BUILD\DEBUG\D8.PDB
F:\src\v8_3_18_x64\build\Debug\obj\d8\CL.10496.read.1.tlog
F:\src\v8_3_18_x64\build\Debug\obj\d8\CL.10496.write.1.tlog
F:\src\v8_3_18_x64\build\Debug\obj\d8\CL.14320.read.1.tlog
F:\src\v8_3_18_x64\build\Debug\obj\d8\CL.14320.write.1.tlog
F:\src\v8_3_18_x64\build\Debug\obj\d8\CL.16904.read.1.tlog
F:\src\v8_3_18_x64\build\Debug\obj\d8\CL.16904.write.1.tlog
F:\src\v8_3_18_x64\build\Debug\obj\d8\CL.6700.read.1.tlog
F:\src\v8_3_18_x64\build\Debug\obj\d8\CL.6700.write.1.tlog
F:\src\v8_3_18_x64\build\Debug\obj\d8\cl.command.1.tlog
F:\src\v8_3_18_x64\build\Debug\obj\d8\CL.read.1.tlog
F:\src\v8_3_18_x64\build\Debug\obj\d8\cl.write.1.tlog
F:\SRC\V8_3_18_X64\BUILD\DEBUG\OBJ\D8\D8.EXE.EMBED.MANIFEST
F:\SRC\V8_3_18_X64\BUILD\DEBUG\OBJ\D8\D8.EXE.EMBED.MANIFEST.RES
F:\SRC\V8_3_18_X64\BUILD\DEBUG\OBJ\D8\D8.EXE.INTERMEDIATE.MANIFEST
F:\src\v8_3_18_x64\build\Debug\obj\d8\d8.obj
F:\src\v8_3_18_x64\build\Debug\obj\d8\d8.write.1.tlog
F:\src\v8_3_18_x64\build\Debug\obj\d8\d8_manifest.rc
F:\src\v8_3_18_x64\build\Debug\obj\d8\d8-debug.obj
F:\src\v8_3_18_x64\build\Debug\obj\d8\d8-js.obj
F:\src\v8_3_18_x64\build\Debug\obj\d8\d8-windows.obj
F:\src\v8_3_18_x64\build\Debug\obj\d8\link.14760.read.1.tlog
F:\src\v8_3_18_x64\build\Debug\obj\d8\link.14760.write.1.tlog
F:\src\v8_3_18_x64\build\Debug\obj\d8\link.14760-cvtres.read.1.tlog
F:\src\v8_3_18_x64\build\Debug\obj\d8\link.14760-cvtres.write.1.tlog
F:\src\v8_3_18_x64\build\Debug\obj\d8\link.command.1.tlog
F:\src\v8_3_18_x64\build\Debug\obj\d8\link.read.1.tlog
F:\src\v8_3_18_x64\build\Debug\obj\d8\link.write.1.tlog
F:\src\v8_3_18_x64\build\Debug\obj\d8\link-cvtres.read.1.tlog
F:\src\v8_3_18_x64\build\Debug\obj\d8\link-cvtres.write.1.tlog
F:\src\v8_3_18_x64\build\Debug\obj\d8\mt.command.1.tlog
F:\src\v8_3_18_x64\build\Debug\obj\d8\mt.read.1.tlog
F:\src\v8_3_18_x64\build\Debug\obj\d8\mt.write.1.tlog
F:\src\v8_3_18_x64\build\Debug\obj\d8\rc.command.1.tlog
F:\src\v8_3_18_x64\build\Debug\obj\d8\rc.read.1.tlog
F:\src\v8_3_18_x64\build\Debug\obj\d8\rc.write.1.tlog
F:\SRC\V8_3_18_X64\BUILD\DEBUG\OBJ\D8\VC100.PDB
