2014/11/24 22:12:03 にビルドを開始しました。
     1>ノード 3 上のプロジェクト "F:\src\v8_3_18_x64\tools\gyp\v8_snapshot.vcxproj" (rebuild ターゲット)。
     1>_PrepareForClean:
         ファイル "..\..\build\Release\obj\v8_snapshot\v8_snapshot.lastbuildstate" を削除しています。
       InitializeBuildStatus:
         "AlwaysCreate" が指定されたため "..\..\build\Release\obj\v8_snapshot\v8_snapshot.unsuccessfulbuild" を作成しています。
       CustomBuild:
         run_mksnapshot
       ClCompile:
         F:\Program Files (x86)\Microsoft Visual Studio 10.0\VC\bin\x86_amd64\CL.exe /c /I..\..\src /Zi /nologo /W3 /WX /O2 /Ob2 /Oi /GL /D _CRT_SECURE_NO_DEPRECATE /D _CRT_NONSTDC_NO_DEPRECATE /D _HAS_EXCEPTIONS=0 /D ENABLE_DEBUGGER_SUPPORT /D V8_TARGET_ARCH_X64 /D WIN32 /D _UNICODE /D UNICODE /GF /Gm- /MT /GS /Gy /fp:precise /Zc:wchar_t /Zc:forScope /GR- /Fo"..\..\build\Release\obj\v8_snapshot\\" /Fd"..\..\build\Release\obj\v8_snapshot\vc100.pdb" /Gd /TP /wd4355 /wd4800 /errorReport:prompt ..\..\build\Release\obj\global_intermediate\libraries.cc "..\..\build\Release\obj\global_intermediate\experimental-libraries.cc" ..\..\build\Release\obj\v8_snapshot\\snapshot.cc /MP 
         libraries.cc
         experimental-libraries.cc
         snapshot.cc
       Lib:
         F:\Program Files (x86)\Microsoft Visual Studio 10.0\VC\bin\x86_amd64\Lib.exe /OUT:"..\..\build\Release\lib\v8_snapshot.lib" /NOLOGO ..\..\build\Release\obj\v8_snapshot\libraries.obj
         "..\..\build\Release\obj\v8_snapshot\experimental-libraries.obj"
         ..\..\build\Release\obj\v8_snapshot\snapshot.obj /ignore:4221 
         snapshot.obj : MSIL .netmodule または /GL を伴ってコンパイルされたモジュールが見つかりました。/LTCG を使用して再開始してください。リンカーのパフォーマンスを向上させるためには、コマンドラインに /LTCG を追加してください。
         v8_snapshot.vcxproj -> ..\..\build\Release\lib\v8_snapshot.lib
       FinalizeBuildStatus:
         ファイル "..\..\build\Release\obj\v8_snapshot\v8_snapshot.unsuccessfulbuild" を削除しています。
         "..\..\build\Release\obj\v8_snapshot\v8_snapshot.lastbuildstate" のタッチ タスクを実行しています。
     1>プロジェクト "F:\src\v8_3_18_x64\tools\gyp\v8_snapshot.vcxproj" (rebuild ターゲット) のビルドが完了しました。

ビルドに成功しました。

経過時間 00:00:03.46
