..\..\build\Release\lib\v8_snapshot.lib
F:\SRC\V8_3_18_X64\BUILD\RELEASE\LIB\V8_SNAPSHOT.LIB
F:\src\v8_3_18_x64\build\Release\obj\v8_snapshot\CL.10788.read.1.tlog
F:\src\v8_3_18_x64\build\Release\obj\v8_snapshot\CL.10788.write.1.tlog
F:\src\v8_3_18_x64\build\Release\obj\v8_snapshot\CL.11064.read.1.tlog
F:\src\v8_3_18_x64\build\Release\obj\v8_snapshot\CL.11064.write.1.tlog
F:\src\v8_3_18_x64\build\Release\obj\v8_snapshot\CL.15156.read.1.tlog
F:\src\v8_3_18_x64\build\Release\obj\v8_snapshot\CL.15156.write.1.tlog
F:\src\v8_3_18_x64\build\Release\obj\v8_snapshot\cl.command.1.tlog
F:\src\v8_3_18_x64\build\Release\obj\v8_snapshot\CL.read.1.tlog
F:\src\v8_3_18_x64\build\Release\obj\v8_snapshot\cl.write.1.tlog
F:\src\v8_3_18_x64\build\Release\obj\v8_snapshot\custombuild.command.1.tlog
F:\src\v8_3_18_x64\build\Release\obj\v8_snapshot\custombuild.read.1.tlog
F:\src\v8_3_18_x64\build\Release\obj\v8_snapshot\custombuild.write.1.tlog
F:\src\v8_3_18_x64\build\Release\obj\v8_snapshot\experimental-libraries.obj
F:\src\v8_3_18_x64\build\Release\obj\v8_snapshot\lib.command.1.tlog
F:\src\v8_3_18_x64\build\Release\obj\v8_snapshot\Lib-link.3916.read.1.tlog
F:\src\v8_3_18_x64\build\Release\obj\v8_snapshot\Lib-link.3916.write.1.tlog
F:\src\v8_3_18_x64\build\Release\obj\v8_snapshot\Lib-link.read.1.tlog
F:\src\v8_3_18_x64\build\Release\obj\v8_snapshot\Lib-link.write.1.tlog
F:\src\v8_3_18_x64\build\Release\obj\v8_snapshot\libraries.obj
F:\SRC\V8_3_18_X64\BUILD\RELEASE\OBJ\V8_SNAPSHOT\SNAPSHOT.CC
F:\src\v8_3_18_x64\build\Release\obj\v8_snapshot\snapshot.obj
F:\src\v8_3_18_x64\build\Release\obj\v8_snapshot\v8_snapshot.write.1.tlog
F:\SRC\V8_3_18_X64\BUILD\RELEASE\OBJ\V8_SNAPSHOT\VC100.PDB
