2014/12/14 18:36:24 にビルドを開始しました。
     1>ノード 3 上のプロジェクト "F:\src\v8_3_18_x64\tools\gyp\v8_base.x64.vcxproj" (rebuild ターゲット)。
     1>_PrepareForClean:
         ファイル "..\..\build\Debug\obj\v8_base.x64\v8_base.x64.lastbuildstate" を削除しています。
       InitializeBuildStatus:
         "AlwaysCreate" が指定されたため "..\..\build\Debug\obj\v8_base.x64\v8_base.x64.unsuccessfulbuild" を作成しています。
       ClCompile:
         F:\Program Files (x86)\Microsoft Visual Studio 10.0\VC\bin\x86_amd64\CL.exe /c /I..\..\src /Zi /nologo /W3 /WX /Od /D _CRT_SECURE_NO_DEPRECATE /D _CRT_NONSTDC_NO_DEPRECATE /D _HAS_EXCEPTIONS=0 /D ENABLE_DEBUGGER_SUPPORT /D V8_TARGET_ARCH_X64 /D WIN32 /D DEBUG /D ENABLE_DISASSEMBLER /D V8_ENABLE_CHECKS /D OBJECT_PRINT /D VERIFY_HEAP /D ENABLE_EXTRA_CHECKS /D _UNICODE /D UNICODE /Gm- /MTd /GS /Gy /fp:precise /Zc:wchar_t /Zc:forScope /GR- /Fo"..\..\build\Debug\obj\v8_base.x64\\" /Fd"..\..\build\Debug\obj\v8_base.x64\vc100.pdb" /Gd /TP /wd4355 /wd4800 /wd4351 /errorReport:prompt "..\..\src\circular-queue.cc" "..\..\src\full-codegen.cc" ..\..\src\execution.cc "..\..\src\optimizing-compiler-thread.cc" ..\..\src\hydrogen.cc "..\..\src\marking-thread.cc" ..\..\src\debug.cc ..\..\src\builtins.cc "..\..\src\global-handles.cc" "..\..\src\platform-win32.cc" "..\..\src\regexp-macro-assembler-irregexp.cc" ..\..\src\dtoa.cc "..\..\src\debug-agent.cc" "..\..\src\objects-printer.cc" ..\..\src\token.cc "..\..\src\code-stubs.cc" "..\..\src\objects-debug.cc" "..\..\src\win32-math.cc" ..\..\src\serialize.cc "..\..\src\store-buffer.cc" "..\..\src\runtime-profiler.cc" ..\..\src\disassembler.cc ..\..\src\scopes.cc ..\..\src\factory.cc ..\..\src\api.cc ..\..\src\date.cc ..\..\src\accessors.cc ..\..\src\dateparser.cc "..\..\src\func-name-inferrer.cc" ..\..\src\scopeinfo.cc "..\..\src\string-stream.cc" ..\..\src\bootstrapper.cc "..\..\src\fixed-dtoa.cc" ..\..\src\log.cc ..\..\src\frames.cc ..\..\src\compiler.cc "..\..\src\preparse-data.cc" "..\..\src\regexp-stack.cc" "..\..\src\cpu-profiler.cc" ..\..\src\counters.cc "..\..\src\string-search.cc" ..\..\src\v8threads.cc "..\..\src\log-utils.cc" "..\..\src\lithium-allocator.cc" "..\..\src\gdb-jit.cc" ..\..\src\version.cc ..\..\src\utils.cc "..\..\src\incremental-marking.cc" "..\..\src\sweeper-thread.cc" ..\..\src\deoptimizer.cc ..\..\src\objects.cc ..\..\src\assembler.cc ..\..\src\handles.cc "..\..\src\scanner-character-streams.cc" ..\..\src\allocation.cc ..\..\src\preparser.cc ..\..\src\spaces.cc "..\..\src\v8-counters.cc" ..\..\src\isolate.cc "..\..\src\cached-powers.cc" ..\..\src\property.cc "..\..\src\safepoint-table.cc" "..\..\src\stub-cache.cc" "..\..\src\compilation-cache.cc" "..\..\src\data-flow.cc" ..\..\src\checks.cc ..\..\src\conversions.cc ..\..\src\bignum.cc "..\..\src\heap-profiler.cc" ..\..\src\ast.cc "..\..\src\snapshot-common.cc" ..\..\src\interface.cc "..\..\src\regexp-macro-assembler.cc" ..\..\src\liveedit.cc ..\..\src\scanner.cc ..\..\src\ic.cc "..\..\src\interpreter-irregexp.cc" ..\..\src\heap.cc "..\..\src\elements-kind.cc" ..\..\src\parser.cc ..\..\src\variables.cc ..\..\src\v8conversions.cc ..\..\src\unicode.cc "..\..\src\objects-visiting.cc" ..\..\src\flags.cc ..\..\src\sampler.cc ..\..\src\prettyprinter.cc "..\..\src\hydrogen-instructions.cc" ..\..\src\runtime.cc ..\..\src\codegen.cc "..\..\src\bignum-dtoa.cc" ..\..\src\zone.cc ..\..\src\jsregexp.cc ..\..\src\elements.cc "..\..\src\regexp-macro-assembler-tracer.cc" ..\..\src\messages.cc ..\..\src\v8.cc "..\..\src\profile-generator.cc" ..\..\src\lithium.cc ..\..\src\v8utils.cc ..\..\src\atomicops_internals_x86_gcc.cc ..\..\src\once.cc "..\..\src\fast-dtoa.cc" "..\..\src\diy-fp.cc" "..\..\src\type-info.cc" ..\..\src\transitions.cc ..\..\src\strtod.cc "..\..\src\heap-snapshot-generator.cc" ..\..\src\contexts.cc "..\..\src\code-stubs-hydrogen.cc" ..\..\src\rewriter.cc "..\..\src\mark-compact.cc" "..\..\src\extensions\externalize-string-extension.cc" "..\..\src\extensions\statistics-extension.cc" "..\..\src\extensions\gc-extension.cc" "..\..\src\x64\regexp-macro-assembler-x64.cc" "..\..\src\x64\assembler-x64.cc" "..\..\src\x64\frames-x64.cc" "..\..\src\x64\disasm-x64.cc" "..\..\src\x64\macro-assembler-x64.cc" "..\..\src\x64\ic-x64.cc" "..\..\src\x64\lithium-codegen-x64.cc" "..\..\src\x64\codegen-x64.cc" "..\..\src\x64\stub-cache-x64.cc" "..\..\src\x64\lithium-x64.cc" "..\..\src\x64\debug-x64.cc" "..\..\src\x64\deoptimizer-x64.cc" "..\..\src\x64\cpu-x64.cc" "..\..\src\x64\code-stubs-x64.cc" "..\..\src\x64\full-codegen-x64.cc" "..\..\src\x64\builtins-x64.cc" "..\..\src\x64\lithium-gap-resolver-x64.cc" /MP 
         circular-queue.cc
         full-codegen.cc
         execution.cc
         optimizing-compiler-thread.cc
         hydrogen.cc
         marking-thread.cc
         debug.cc
         builtins.cc
         global-handles.cc
         platform-win32.cc
         regexp-macro-assembler-irregexp.cc
         dtoa.cc
         debug-agent.cc
         objects-printer.cc
         token.cc
         code-stubs.cc
         objects-debug.cc
         win32-math.cc
         serialize.cc
         store-buffer.cc
         runtime-profiler.cc
         disassembler.cc
         scopes.cc
         factory.cc
         api.cc
         date.cc
         accessors.cc
         dateparser.cc
         func-name-inferrer.cc
         scopeinfo.cc
         string-stream.cc
         bootstrapper.cc
         fixed-dtoa.cc
         log.cc
         frames.cc
         compiler.cc
         preparse-data.cc
         regexp-stack.cc
         cpu-profiler.cc
         counters.cc
         string-search.cc
         v8threads.cc
         log-utils.cc
         lithium-allocator.cc
         gdb-jit.cc
         version.cc
         utils.cc
         incremental-marking.cc
         sweeper-thread.cc
         deoptimizer.cc
         objects.cc
         assembler.cc
         handles.cc
         scanner-character-streams.cc
         allocation.cc
         preparser.cc
         spaces.cc
         v8-counters.cc
         isolate.cc
         cached-powers.cc
         property.cc
         safepoint-table.cc
         stub-cache.cc
         compilation-cache.cc
         data-flow.cc
         checks.cc
         conversions.cc
         bignum.cc
         heap-profiler.cc
         ast.cc
         snapshot-common.cc
         interface.cc
         regexp-macro-assembler.cc
         liveedit.cc
         scanner.cc
         ic.cc
         interpreter-irregexp.cc
         heap.cc
         elements-kind.cc
         parser.cc
         variables.cc
         v8conversions.cc
         unicode.cc
         objects-visiting.cc
         flags.cc
         sampler.cc
         prettyprinter.cc
         hydrogen-instructions.cc
         runtime.cc
         codegen.cc
         bignum-dtoa.cc
         zone.cc
         jsregexp.cc
         elements.cc
         regexp-macro-assembler-tracer.cc
         messages.cc
         v8.cc
         profile-generator.cc
         lithium.cc
         v8utils.cc
         atomicops_internals_x86_gcc.cc
         once.cc
         fast-dtoa.cc
         diy-fp.cc
         type-info.cc
         transitions.cc
         strtod.cc
         heap-snapshot-generator.cc
         contexts.cc
         code-stubs-hydrogen.cc
         rewriter.cc
         mark-compact.cc
         externalize-string-extension.cc
         statistics-extension.cc
         gc-extension.cc
         regexp-macro-assembler-x64.cc
         assembler-x64.cc
         frames-x64.cc
         disasm-x64.cc
         macro-assembler-x64.cc
         ic-x64.cc
         lithium-codegen-x64.cc
         codegen-x64.cc
         stub-cache-x64.cc
         lithium-x64.cc
         debug-x64.cc
         deoptimizer-x64.cc
         cpu-x64.cc
         code-stubs-x64.cc
         full-codegen-x64.cc
         builtins-x64.cc
         lithium-gap-resolver-x64.cc
       Lib:
         F:\Program Files (x86)\Microsoft Visual Studio 10.0\VC\bin\x86_amd64\Lib.exe /OUT:"..\..\build\Debug\lib\v8_base.x64.lib" /NOLOGO "..\..\build\Debug\obj\v8_base.x64\circular-queue.obj"
         "..\..\build\Debug\obj\v8_base.x64\full-codegen.obj"
         ..\..\build\Debug\obj\v8_base.x64\execution.obj
         "..\..\build\Debug\obj\v8_base.x64\optimizing-compiler-thread.obj"
         ..\..\build\Debug\obj\v8_base.x64\hydrogen.obj
         "..\..\build\Debug\obj\v8_base.x64\marking-thread.obj"
         ..\..\build\Debug\obj\v8_base.x64\debug.obj
         ..\..\build\Debug\obj\v8_base.x64\builtins.obj
         "..\..\build\Debug\obj\v8_base.x64\global-handles.obj"
         "..\..\build\Debug\obj\v8_base.x64\platform-win32.obj"
         "..\..\build\Debug\obj\v8_base.x64\regexp-macro-assembler-irregexp.obj"
         ..\..\build\Debug\obj\v8_base.x64\dtoa.obj
         "..\..\build\Debug\obj\v8_base.x64\debug-agent.obj"
         "..\..\build\Debug\obj\v8_base.x64\objects-printer.obj"
         ..\..\build\Debug\obj\v8_base.x64\token.obj
         "..\..\build\Debug\obj\v8_base.x64\code-stubs.obj"
         "..\..\build\Debug\obj\v8_base.x64\objects-debug.obj"
         "..\..\build\Debug\obj\v8_base.x64\win32-math.obj"
         ..\..\build\Debug\obj\v8_base.x64\serialize.obj
         "..\..\build\Debug\obj\v8_base.x64\store-buffer.obj"
         "..\..\build\Debug\obj\v8_base.x64\runtime-profiler.obj"
         ..\..\build\Debug\obj\v8_base.x64\disassembler.obj
         ..\..\build\Debug\obj\v8_base.x64\scopes.obj
         ..\..\build\Debug\obj\v8_base.x64\factory.obj
         ..\..\build\Debug\obj\v8_base.x64\api.obj
         ..\..\build\Debug\obj\v8_base.x64\date.obj
         ..\..\build\Debug\obj\v8_base.x64\accessors.obj
         ..\..\build\Debug\obj\v8_base.x64\dateparser.obj
         "..\..\build\Debug\obj\v8_base.x64\func-name-inferrer.obj"
         ..\..\build\Debug\obj\v8_base.x64\scopeinfo.obj
         "..\..\build\Debug\obj\v8_base.x64\string-stream.obj"
         ..\..\build\Debug\obj\v8_base.x64\bootstrapper.obj
         "..\..\build\Debug\obj\v8_base.x64\fixed-dtoa.obj"
         ..\..\build\Debug\obj\v8_base.x64\log.obj
         ..\..\build\Debug\obj\v8_base.x64\frames.obj
         ..\..\build\Debug\obj\v8_base.x64\compiler.obj
         "..\..\build\Debug\obj\v8_base.x64\preparse-data.obj"
         "..\..\build\Debug\obj\v8_base.x64\regexp-stack.obj"
         "..\..\build\Debug\obj\v8_base.x64\cpu-profiler.obj"
         ..\..\build\Debug\obj\v8_base.x64\counters.obj
         "..\..\build\Debug\obj\v8_base.x64\string-search.obj"
         ..\..\build\Debug\obj\v8_base.x64\v8threads.obj
         "..\..\build\Debug\obj\v8_base.x64\log-utils.obj"
         "..\..\build\Debug\obj\v8_base.x64\lithium-allocator.obj"
         "..\..\build\Debug\obj\v8_base.x64\gdb-jit.obj"
         ..\..\build\Debug\obj\v8_base.x64\version.obj
         ..\..\build\Debug\obj\v8_base.x64\utils.obj
         "..\..\build\Debug\obj\v8_base.x64\incremental-marking.obj"
         "..\..\build\Debug\obj\v8_base.x64\sweeper-thread.obj"
         ..\..\build\Debug\obj\v8_base.x64\deoptimizer.obj
         ..\..\build\Debug\obj\v8_base.x64\objects.obj
         ..\..\build\Debug\obj\v8_base.x64\assembler.obj
         ..\..\build\Debug\obj\v8_base.x64\handles.obj
         "..\..\build\Debug\obj\v8_base.x64\scanner-character-streams.obj"
         ..\..\build\Debug\obj\v8_base.x64\allocation.obj
         ..\..\build\Debug\obj\v8_base.x64\preparser.obj
         ..\..\build\Debug\obj\v8_base.x64\spaces.obj
         "..\..\build\Debug\obj\v8_base.x64\v8-counters.obj"
         ..\..\build\Debug\obj\v8_base.x64\isolate.obj
         "..\..\build\Debug\obj\v8_base.x64\cached-powers.obj"
         ..\..\build\Debug\obj\v8_base.x64\property.obj
         "..\..\build\Debug\obj\v8_base.x64\safepoint-table.obj"
         "..\..\build\Debug\obj\v8_base.x64\stub-cache.obj"
         "..\..\build\Debug\obj\v8_base.x64\compilation-cache.obj"
         "..\..\build\Debug\obj\v8_base.x64\data-flow.obj"
         ..\..\build\Debug\obj\v8_base.x64\checks.obj
         ..\..\build\Debug\obj\v8_base.x64\conversions.obj
         ..\..\build\Debug\obj\v8_base.x64\bignum.obj
         "..\..\build\Debug\obj\v8_base.x64\heap-profiler.obj"
         ..\..\build\Debug\obj\v8_base.x64\ast.obj
         "..\..\build\Debug\obj\v8_base.x64\snapshot-common.obj"
         ..\..\build\Debug\obj\v8_base.x64\interface.obj
         "..\..\build\Debug\obj\v8_base.x64\regexp-macro-assembler.obj"
         ..\..\build\Debug\obj\v8_base.x64\liveedit.obj
         ..\..\build\Debug\obj\v8_base.x64\scanner.obj
         ..\..\build\Debug\obj\v8_base.x64\ic.obj
         "..\..\build\Debug\obj\v8_base.x64\interpreter-irregexp.obj"
         ..\..\build\Debug\obj\v8_base.x64\heap.obj
         "..\..\build\Debug\obj\v8_base.x64\elements-kind.obj"
         ..\..\build\Debug\obj\v8_base.x64\parser.obj
         ..\..\build\Debug\obj\v8_base.x64\variables.obj
         ..\..\build\Debug\obj\v8_base.x64\v8conversions.obj
         ..\..\build\Debug\obj\v8_base.x64\unicode.obj
         "..\..\build\Debug\obj\v8_base.x64\objects-visiting.obj"
         ..\..\build\Debug\obj\v8_base.x64\flags.obj
         ..\..\build\Debug\obj\v8_base.x64\sampler.obj
         ..\..\build\Debug\obj\v8_base.x64\prettyprinter.obj
         "..\..\build\Debug\obj\v8_base.x64\hydrogen-instructions.obj"
         ..\..\build\Debug\obj\v8_base.x64\runtime.obj
         ..\..\build\Debug\obj\v8_base.x64\codegen.obj
         "..\..\build\Debug\obj\v8_base.x64\bignum-dtoa.obj"
         ..\..\build\Debug\obj\v8_base.x64\zone.obj
         ..\..\build\Debug\obj\v8_base.x64\jsregexp.obj
         ..\..\build\Debug\obj\v8_base.x64\elements.obj
         "..\..\build\Debug\obj\v8_base.x64\regexp-macro-assembler-tracer.obj"
         ..\..\build\Debug\obj\v8_base.x64\messages.obj
         ..\..\build\Debug\obj\v8_base.x64\v8.obj
         "..\..\build\Debug\obj\v8_base.x64\profile-generator.obj"
         ..\..\build\Debug\obj\v8_base.x64\lithium.obj
         ..\..\build\Debug\obj\v8_base.x64\v8utils.obj
         ..\..\build\Debug\obj\v8_base.x64\atomicops_internals_x86_gcc.obj
         ..\..\build\Debug\obj\v8_base.x64\once.obj
         "..\..\build\Debug\obj\v8_base.x64\fast-dtoa.obj"
         "..\..\build\Debug\obj\v8_base.x64\diy-fp.obj"
         "..\..\build\Debug\obj\v8_base.x64\type-info.obj"
         ..\..\build\Debug\obj\v8_base.x64\transitions.obj
         ..\..\build\Debug\obj\v8_base.x64\strtod.obj
         "..\..\build\Debug\obj\v8_base.x64\heap-snapshot-generator.obj"
         ..\..\build\Debug\obj\v8_base.x64\contexts.obj
         "..\..\build\Debug\obj\v8_base.x64\code-stubs-hydrogen.obj"
         ..\..\build\Debug\obj\v8_base.x64\rewriter.obj
         "..\..\build\Debug\obj\v8_base.x64\mark-compact.obj"
         "..\..\build\Debug\obj\v8_base.x64\externalize-string-extension.obj"
         "..\..\build\Debug\obj\v8_base.x64\statistics-extension.obj"
         "..\..\build\Debug\obj\v8_base.x64\gc-extension.obj"
         "..\..\build\Debug\obj\v8_base.x64\regexp-macro-assembler-x64.obj"
         "..\..\build\Debug\obj\v8_base.x64\assembler-x64.obj"
         "..\..\build\Debug\obj\v8_base.x64\frames-x64.obj"
         "..\..\build\Debug\obj\v8_base.x64\disasm-x64.obj"
         "..\..\build\Debug\obj\v8_base.x64\macro-assembler-x64.obj"
         "..\..\build\Debug\obj\v8_base.x64\ic-x64.obj"
         "..\..\build\Debug\obj\v8_base.x64\lithium-codegen-x64.obj"
         "..\..\build\Debug\obj\v8_base.x64\codegen-x64.obj"
         "..\..\build\Debug\obj\v8_base.x64\stub-cache-x64.obj"
         "..\..\build\Debug\obj\v8_base.x64\lithium-x64.obj"
         "..\..\build\Debug\obj\v8_base.x64\debug-x64.obj"
         "..\..\build\Debug\obj\v8_base.x64\deoptimizer-x64.obj"
         "..\..\build\Debug\obj\v8_base.x64\cpu-x64.obj"
         "..\..\build\Debug\obj\v8_base.x64\code-stubs-x64.obj"
         "..\..\build\Debug\obj\v8_base.x64\full-codegen-x64.obj"
         "..\..\build\Debug\obj\v8_base.x64\builtins-x64.obj"
         "..\..\build\Debug\obj\v8_base.x64\lithium-gap-resolver-x64.obj" /ignore:4221 
         v8_base.x64.vcxproj -> ..\..\build\Debug\lib\v8_base.x64.lib
       FinalizeBuildStatus:
         ファイル "..\..\build\Debug\obj\v8_base.x64\v8_base.x64.unsuccessfulbuild" を削除しています。
         "..\..\build\Debug\obj\v8_base.x64\v8_base.x64.lastbuildstate" のタッチ タスクを実行しています。
     1>プロジェクト "F:\src\v8_3_18_x64\tools\gyp\v8_base.x64.vcxproj" (rebuild ターゲット) のビルドが完了しました。

ビルドに成功しました。

経過時間 00:01:56.21
