F:\SRC\V8_3_18_X64\BUILD\DEBUG\LIB\V8_BASE.X64.LIB
F:\src\v8_3_18_x64\build\Debug\obj\v8_base.x64\accessors.obj
F:\src\v8_3_18_x64\build\Debug\obj\v8_base.x64\allocation.obj
F:\src\v8_3_18_x64\build\Debug\obj\v8_base.x64\api.obj
F:\src\v8_3_18_x64\build\Debug\obj\v8_base.x64\assembler.obj
F:\src\v8_3_18_x64\build\Debug\obj\v8_base.x64\assembler-x64.obj
F:\src\v8_3_18_x64\build\Debug\obj\v8_base.x64\ast.obj
F:\src\v8_3_18_x64\build\Debug\obj\v8_base.x64\atomicops_internals_x86_gcc.obj
F:\src\v8_3_18_x64\build\Debug\obj\v8_base.x64\bignum.obj
F:\src\v8_3_18_x64\build\Debug\obj\v8_base.x64\bignum-dtoa.obj
F:\src\v8_3_18_x64\build\Debug\obj\v8_base.x64\bootstrapper.obj
F:\src\v8_3_18_x64\build\Debug\obj\v8_base.x64\builtins.obj
F:\src\v8_3_18_x64\build\Debug\obj\v8_base.x64\builtins-x64.obj
F:\src\v8_3_18_x64\build\Debug\obj\v8_base.x64\cached-powers.obj
F:\src\v8_3_18_x64\build\Debug\obj\v8_base.x64\checks.obj
F:\src\v8_3_18_x64\build\Debug\obj\v8_base.x64\circular-queue.obj
F:\src\v8_3_18_x64\build\Debug\obj\v8_base.x64\CL.10220.read.1.tlog
F:\src\v8_3_18_x64\build\Debug\obj\v8_base.x64\CL.10220.write.1.tlog
F:\src\v8_3_18_x64\build\Debug\obj\v8_base.x64\CL.1216.read.1.tlog
F:\src\v8_3_18_x64\build\Debug\obj\v8_base.x64\CL.1216.write.1.tlog
F:\src\v8_3_18_x64\build\Debug\obj\v8_base.x64\CL.14972.read.1.tlog
F:\src\v8_3_18_x64\build\Debug\obj\v8_base.x64\CL.14972.write.1.tlog
F:\src\v8_3_18_x64\build\Debug\obj\v8_base.x64\CL.16880.read.1.tlog
F:\src\v8_3_18_x64\build\Debug\obj\v8_base.x64\CL.16880.write.1.tlog
F:\src\v8_3_18_x64\build\Debug\obj\v8_base.x64\CL.3532.read.1.tlog
F:\src\v8_3_18_x64\build\Debug\obj\v8_base.x64\CL.3532.write.1.tlog
F:\src\v8_3_18_x64\build\Debug\obj\v8_base.x64\CL.8920.read.1.tlog
F:\src\v8_3_18_x64\build\Debug\obj\v8_base.x64\CL.8920.write.1.tlog
F:\src\v8_3_18_x64\build\Debug\obj\v8_base.x64\CL.9596.read.1.tlog
F:\src\v8_3_18_x64\build\Debug\obj\v8_base.x64\CL.9596.write.1.tlog
F:\src\v8_3_18_x64\build\Debug\obj\v8_base.x64\CL.9896.read.1.tlog
F:\src\v8_3_18_x64\build\Debug\obj\v8_base.x64\CL.9896.write.1.tlog
F:\src\v8_3_18_x64\build\Debug\obj\v8_base.x64\cl.command.1.tlog
F:\src\v8_3_18_x64\build\Debug\obj\v8_base.x64\CL.read.1.tlog
F:\src\v8_3_18_x64\build\Debug\obj\v8_base.x64\cl.write.1.tlog
F:\src\v8_3_18_x64\build\Debug\obj\v8_base.x64\codegen.obj
F:\src\v8_3_18_x64\build\Debug\obj\v8_base.x64\codegen-x64.obj
F:\src\v8_3_18_x64\build\Debug\obj\v8_base.x64\code-stubs.obj
F:\src\v8_3_18_x64\build\Debug\obj\v8_base.x64\code-stubs-hydrogen.obj
F:\src\v8_3_18_x64\build\Debug\obj\v8_base.x64\code-stubs-x64.obj
F:\src\v8_3_18_x64\build\Debug\obj\v8_base.x64\compilation-cache.obj
F:\src\v8_3_18_x64\build\Debug\obj\v8_base.x64\compiler.obj
F:\src\v8_3_18_x64\build\Debug\obj\v8_base.x64\contexts.obj
F:\src\v8_3_18_x64\build\Debug\obj\v8_base.x64\conversions.obj
F:\src\v8_3_18_x64\build\Debug\obj\v8_base.x64\counters.obj
F:\src\v8_3_18_x64\build\Debug\obj\v8_base.x64\cpu-profiler.obj
F:\src\v8_3_18_x64\build\Debug\obj\v8_base.x64\cpu-x64.obj
F:\src\v8_3_18_x64\build\Debug\obj\v8_base.x64\data-flow.obj
F:\src\v8_3_18_x64\build\Debug\obj\v8_base.x64\date.obj
F:\src\v8_3_18_x64\build\Debug\obj\v8_base.x64\dateparser.obj
F:\src\v8_3_18_x64\build\Debug\obj\v8_base.x64\debug.obj
F:\src\v8_3_18_x64\build\Debug\obj\v8_base.x64\debug-agent.obj
F:\src\v8_3_18_x64\build\Debug\obj\v8_base.x64\debug-x64.obj
F:\src\v8_3_18_x64\build\Debug\obj\v8_base.x64\deoptimizer.obj
F:\src\v8_3_18_x64\build\Debug\obj\v8_base.x64\deoptimizer-x64.obj
F:\src\v8_3_18_x64\build\Debug\obj\v8_base.x64\disasm-x64.obj
F:\src\v8_3_18_x64\build\Debug\obj\v8_base.x64\disassembler.obj
F:\src\v8_3_18_x64\build\Debug\obj\v8_base.x64\diy-fp.obj
F:\src\v8_3_18_x64\build\Debug\obj\v8_base.x64\dtoa.obj
F:\src\v8_3_18_x64\build\Debug\obj\v8_base.x64\elements.obj
F:\src\v8_3_18_x64\build\Debug\obj\v8_base.x64\elements-kind.obj
F:\src\v8_3_18_x64\build\Debug\obj\v8_base.x64\execution.obj
F:\src\v8_3_18_x64\build\Debug\obj\v8_base.x64\externalize-string-extension.obj
F:\src\v8_3_18_x64\build\Debug\obj\v8_base.x64\factory.obj
F:\src\v8_3_18_x64\build\Debug\obj\v8_base.x64\fast-dtoa.obj
F:\src\v8_3_18_x64\build\Debug\obj\v8_base.x64\fixed-dtoa.obj
F:\src\v8_3_18_x64\build\Debug\obj\v8_base.x64\flags.obj
F:\src\v8_3_18_x64\build\Debug\obj\v8_base.x64\frames.obj
F:\src\v8_3_18_x64\build\Debug\obj\v8_base.x64\frames-x64.obj
F:\src\v8_3_18_x64\build\Debug\obj\v8_base.x64\full-codegen.obj
F:\src\v8_3_18_x64\build\Debug\obj\v8_base.x64\full-codegen-x64.obj
F:\src\v8_3_18_x64\build\Debug\obj\v8_base.x64\func-name-inferrer.obj
F:\src\v8_3_18_x64\build\Debug\obj\v8_base.x64\gc-extension.obj
F:\src\v8_3_18_x64\build\Debug\obj\v8_base.x64\gdb-jit.obj
F:\src\v8_3_18_x64\build\Debug\obj\v8_base.x64\global-handles.obj
F:\src\v8_3_18_x64\build\Debug\obj\v8_base.x64\handles.obj
F:\src\v8_3_18_x64\build\Debug\obj\v8_base.x64\heap.obj
F:\src\v8_3_18_x64\build\Debug\obj\v8_base.x64\heap-profiler.obj
F:\src\v8_3_18_x64\build\Debug\obj\v8_base.x64\heap-snapshot-generator.obj
F:\src\v8_3_18_x64\build\Debug\obj\v8_base.x64\hydrogen.obj
F:\src\v8_3_18_x64\build\Debug\obj\v8_base.x64\hydrogen-instructions.obj
F:\src\v8_3_18_x64\build\Debug\obj\v8_base.x64\ic.obj
F:\src\v8_3_18_x64\build\Debug\obj\v8_base.x64\ic-x64.obj
F:\src\v8_3_18_x64\build\Debug\obj\v8_base.x64\incremental-marking.obj
F:\src\v8_3_18_x64\build\Debug\obj\v8_base.x64\interface.obj
F:\src\v8_3_18_x64\build\Debug\obj\v8_base.x64\interpreter-irregexp.obj
F:\src\v8_3_18_x64\build\Debug\obj\v8_base.x64\isolate.obj
F:\src\v8_3_18_x64\build\Debug\obj\v8_base.x64\jsregexp.obj
F:\src\v8_3_18_x64\build\Debug\obj\v8_base.x64\lib.command.1.tlog
F:\src\v8_3_18_x64\build\Debug\obj\v8_base.x64\Lib-link.read.1.tlog
F:\src\v8_3_18_x64\build\Debug\obj\v8_base.x64\Lib-link.write.1.tlog
F:\src\v8_3_18_x64\build\Debug\obj\v8_base.x64\lithium.obj
F:\src\v8_3_18_x64\build\Debug\obj\v8_base.x64\lithium-allocator.obj
F:\src\v8_3_18_x64\build\Debug\obj\v8_base.x64\lithium-codegen-x64.obj
F:\src\v8_3_18_x64\build\Debug\obj\v8_base.x64\lithium-gap-resolver-x64.obj
F:\src\v8_3_18_x64\build\Debug\obj\v8_base.x64\lithium-x64.obj
F:\src\v8_3_18_x64\build\Debug\obj\v8_base.x64\liveedit.obj
F:\src\v8_3_18_x64\build\Debug\obj\v8_base.x64\log.obj
F:\src\v8_3_18_x64\build\Debug\obj\v8_base.x64\log-utils.obj
F:\src\v8_3_18_x64\build\Debug\obj\v8_base.x64\macro-assembler-x64.obj
F:\src\v8_3_18_x64\build\Debug\obj\v8_base.x64\mark-compact.obj
F:\src\v8_3_18_x64\build\Debug\obj\v8_base.x64\marking-thread.obj
F:\src\v8_3_18_x64\build\Debug\obj\v8_base.x64\messages.obj
F:\src\v8_3_18_x64\build\Debug\obj\v8_base.x64\objects.obj
F:\src\v8_3_18_x64\build\Debug\obj\v8_base.x64\objects-debug.obj
F:\src\v8_3_18_x64\build\Debug\obj\v8_base.x64\objects-printer.obj
F:\src\v8_3_18_x64\build\Debug\obj\v8_base.x64\objects-visiting.obj
F:\src\v8_3_18_x64\build\Debug\obj\v8_base.x64\once.obj
F:\src\v8_3_18_x64\build\Debug\obj\v8_base.x64\optimizing-compiler-thread.obj
F:\src\v8_3_18_x64\build\Debug\obj\v8_base.x64\parser.obj
F:\src\v8_3_18_x64\build\Debug\obj\v8_base.x64\platform-win32.obj
F:\src\v8_3_18_x64\build\Debug\obj\v8_base.x64\preparse-data.obj
F:\src\v8_3_18_x64\build\Debug\obj\v8_base.x64\preparser.obj
F:\src\v8_3_18_x64\build\Debug\obj\v8_base.x64\prettyprinter.obj
F:\src\v8_3_18_x64\build\Debug\obj\v8_base.x64\profile-generator.obj
F:\src\v8_3_18_x64\build\Debug\obj\v8_base.x64\property.obj
F:\src\v8_3_18_x64\build\Debug\obj\v8_base.x64\regexp-macro-assembler.obj
F:\src\v8_3_18_x64\build\Debug\obj\v8_base.x64\regexp-macro-assembler-irregexp.obj
F:\src\v8_3_18_x64\build\Debug\obj\v8_base.x64\regexp-macro-assembler-tracer.obj
F:\src\v8_3_18_x64\build\Debug\obj\v8_base.x64\regexp-macro-assembler-x64.obj
F:\src\v8_3_18_x64\build\Debug\obj\v8_base.x64\regexp-stack.obj
F:\src\v8_3_18_x64\build\Debug\obj\v8_base.x64\rewriter.obj
F:\src\v8_3_18_x64\build\Debug\obj\v8_base.x64\runtime.obj
F:\src\v8_3_18_x64\build\Debug\obj\v8_base.x64\runtime-profiler.obj
F:\src\v8_3_18_x64\build\Debug\obj\v8_base.x64\safepoint-table.obj
F:\src\v8_3_18_x64\build\Debug\obj\v8_base.x64\sampler.obj
F:\src\v8_3_18_x64\build\Debug\obj\v8_base.x64\scanner.obj
F:\src\v8_3_18_x64\build\Debug\obj\v8_base.x64\scanner-character-streams.obj
F:\src\v8_3_18_x64\build\Debug\obj\v8_base.x64\scopeinfo.obj
F:\src\v8_3_18_x64\build\Debug\obj\v8_base.x64\scopes.obj
F:\src\v8_3_18_x64\build\Debug\obj\v8_base.x64\serialize.obj
F:\src\v8_3_18_x64\build\Debug\obj\v8_base.x64\snapshot-common.obj
F:\src\v8_3_18_x64\build\Debug\obj\v8_base.x64\spaces.obj
F:\src\v8_3_18_x64\build\Debug\obj\v8_base.x64\statistics-extension.obj
F:\src\v8_3_18_x64\build\Debug\obj\v8_base.x64\store-buffer.obj
F:\src\v8_3_18_x64\build\Debug\obj\v8_base.x64\string-search.obj
F:\src\v8_3_18_x64\build\Debug\obj\v8_base.x64\string-stream.obj
F:\src\v8_3_18_x64\build\Debug\obj\v8_base.x64\strtod.obj
F:\src\v8_3_18_x64\build\Debug\obj\v8_base.x64\stub-cache.obj
F:\src\v8_3_18_x64\build\Debug\obj\v8_base.x64\stub-cache-x64.obj
F:\src\v8_3_18_x64\build\Debug\obj\v8_base.x64\sweeper-thread.obj
F:\src\v8_3_18_x64\build\Debug\obj\v8_base.x64\token.obj
F:\src\v8_3_18_x64\build\Debug\obj\v8_base.x64\transitions.obj
F:\src\v8_3_18_x64\build\Debug\obj\v8_base.x64\type-info.obj
F:\src\v8_3_18_x64\build\Debug\obj\v8_base.x64\unicode.obj
F:\src\v8_3_18_x64\build\Debug\obj\v8_base.x64\utils.obj
F:\src\v8_3_18_x64\build\Debug\obj\v8_base.x64\v8.obj
F:\src\v8_3_18_x64\build\Debug\obj\v8_base.x64\v8_base.x64.write.1.tlog
F:\src\v8_3_18_x64\build\Debug\obj\v8_base.x64\v8conversions.obj
F:\src\v8_3_18_x64\build\Debug\obj\v8_base.x64\v8-counters.obj
F:\src\v8_3_18_x64\build\Debug\obj\v8_base.x64\v8threads.obj
F:\src\v8_3_18_x64\build\Debug\obj\v8_base.x64\v8utils.obj
F:\src\v8_3_18_x64\build\Debug\obj\v8_base.x64\variables.obj
F:\SRC\V8_3_18_X64\BUILD\DEBUG\OBJ\V8_BASE.X64\VC100.PDB
F:\src\v8_3_18_x64\build\Debug\obj\v8_base.x64\version.obj
F:\src\v8_3_18_x64\build\Debug\obj\v8_base.x64\win32-math.obj
F:\src\v8_3_18_x64\build\Debug\obj\v8_base.x64\zone.obj
