2014/12/14 18:38:33 にビルドを開始しました。
     1>ノード 2 上のプロジェクト "F:\src\v8_3_18_x64\samples\shell.vcxproj" (rebuild ターゲット)。
     1>_PrepareForClean:
         ファイル "..\build\Debug\obj\shell\shell.lastbuildstate" を削除しています。
       InitializeBuildStatus:
         "AlwaysCreate" が指定されたため "..\build\Debug\obj\shell\shell.unsuccessfulbuild" を作成しています。
       ClCompile:
         F:\Program Files (x86)\Microsoft Visual Studio 10.0\VC\bin\x86_amd64\CL.exe /c /I..\include /Zi /nologo /W3 /WX /Od /D _CRT_SECURE_NO_DEPRECATE /D _CRT_NONSTDC_NO_DEPRECATE /D _HAS_EXCEPTIONS=0 /D ENABLE_DEBUGGER_SUPPORT /D V8_TARGET_ARCH_X64 /D WIN32 /D DEBUG /D ENABLE_DISASSEMBLER /D V8_ENABLE_CHECKS /D OBJECT_PRINT /D VERIFY_HEAP /D ENABLE_EXTRA_CHECKS /D _UNICODE /D UNICODE /Gm- /MTd /GS /Gy /fp:precise /Zc:wchar_t /Zc:forScope /GR- /Fo"..\build\Debug\obj\shell\\" /Fd"..\build\Debug\obj\shell\vc100.pdb" /Gd /TP /wd4355 /wd4800 /errorReport:prompt shell.cc /MP 
         shell.cc
       ManifestResourceCompile:
         C:\Program Files (x86)\Microsoft SDKs\Windows\v7.0A\bin\rc.exe /nologo /fo"..\build\Debug\obj\shell\shell.exe.embed.manifest.res" ..\build\Debug\obj\shell\shell_manifest.rc 
       Link:
         F:\Program Files (x86)\Microsoft Visual Studio 10.0\VC\bin\x86_amd64\link.exe /ERRORREPORT:PROMPT /OUT:"..\build\Debug\shell.exe" /INCREMENTAL /NOLOGO ws2_32.lib winmm.lib ws2_32.lib kernel32.lib user32.lib gdi32.lib winspool.lib comdlg32.lib advapi32.lib shell32.lib ole32.lib oleaut32.lib uuid.lib odbc32.lib odbccp32.lib /MANIFEST /ManifestFile:"..\build\Debug\obj\shell\shell.exe.intermediate.manifest" /MANIFESTUAC:"level='asInvoker' uiAccess='false'" /DEBUG /PDB:"F:\src\v8_3_18_x64\build\Debug\shell.pdb" /SUBSYSTEM:CONSOLE /STACK:"2097152" /TLBID:1 /DYNAMICBASE /FIXED:NO /NXCOMPAT /IMPLIB:"..\build\Debug\lib\shell.lib" /MACHINE:X64 ..\build\Debug\obj\shell\shell.exe.embed.manifest.res
         ..\build\Debug\obj\shell\shell.obj
         F:\src\v8_3_18_x64\build\Debug\lib\v8_base.x64.lib
         F:\src\v8_3_18_x64\build\Debug\lib\v8_snapshot.lib
         shell.vcxproj -> ..\build\Debug\\shell.exe
       Manifest:
         ファイル "..\build\Debug\obj\shell\shell.exe.embed.manifest" を削除しています。
         C:\Program Files (x86)\Microsoft SDKs\Windows\v7.0A\bin\mt.exe /nologo /verbose /out:"..\build\Debug\obj\shell\shell.exe.embed.manifest" /manifest ..\build\Debug\obj\shell\shell.exe.intermediate.manifest
         C:\Program Files (x86)\Microsoft SDKs\Windows\v7.0A\bin\rc.exe /nologo /fo"..\build\Debug\obj\shell\shell.exe.embed.manifest.res" ..\build\Debug\obj\shell\shell_manifest.rc 
       LinkEmbedManifest:
         F:\Program Files (x86)\Microsoft Visual Studio 10.0\VC\bin\x86_amd64\link.exe /ERRORREPORT:PROMPT /OUT:"..\build\Debug\shell.exe" /INCREMENTAL /NOLOGO ws2_32.lib winmm.lib ws2_32.lib kernel32.lib user32.lib gdi32.lib winspool.lib comdlg32.lib advapi32.lib shell32.lib ole32.lib oleaut32.lib uuid.lib odbc32.lib odbccp32.lib /MANIFEST /ManifestFile:"..\build\Debug\obj\shell\shell.exe.intermediate.manifest" /MANIFESTUAC:"level='asInvoker' uiAccess='false'" /DEBUG /PDB:"F:\src\v8_3_18_x64\build\Debug\shell.pdb" /SUBSYSTEM:CONSOLE /STACK:"2097152" /TLBID:1 /DYNAMICBASE /FIXED:NO /NXCOMPAT /IMPLIB:"..\build\Debug\lib\shell.lib" /MACHINE:X64 ..\build\Debug\obj\shell\shell.exe.embed.manifest.res
         ..\build\Debug\obj\shell\shell.obj
         F:\src\v8_3_18_x64\build\Debug\lib\v8_base.x64.lib
         F:\src\v8_3_18_x64\build\Debug\lib\v8_snapshot.lib
         shell.vcxproj -> ..\build\Debug\\shell.exe
       FinalizeBuildStatus:
         ファイル "..\build\Debug\obj\shell\shell.unsuccessfulbuild" を削除しています。
         "..\build\Debug\obj\shell\shell.lastbuildstate" のタッチ タスクを実行しています。
     1>プロジェクト "F:\src\v8_3_18_x64\samples\shell.vcxproj" (rebuild ターゲット) のビルドが完了しました。

ビルドに成功しました。

経過時間 00:00:38.00
