..\build\Debug\\shell.exe
..\build\Debug\shell.ilk
..\build\Debug\shell.pdb
F:\src\v8_3_18_x64\build\Debug\obj\shell\cl.command.1.tlog
F:\src\v8_3_18_x64\build\Debug\obj\shell\CL.read.1.tlog
F:\src\v8_3_18_x64\build\Debug\obj\shell\CL.write.1.tlog
F:\src\v8_3_18_x64\build\Debug\obj\shell\link.11560.read.1.tlog
F:\src\v8_3_18_x64\build\Debug\obj\shell\link.11560.write.1.tlog
F:\src\v8_3_18_x64\build\Debug\obj\shell\link.11560-cvtres.read.1.tlog
F:\src\v8_3_18_x64\build\Debug\obj\shell\link.11560-cvtres.write.1.tlog
F:\src\v8_3_18_x64\build\Debug\obj\shell\link.command.1.tlog
F:\src\v8_3_18_x64\build\Debug\obj\shell\link.read.1.tlog
F:\src\v8_3_18_x64\build\Debug\obj\shell\link.write.1.tlog
F:\src\v8_3_18_x64\build\Debug\obj\shell\link-cvtres.read.1.tlog
F:\src\v8_3_18_x64\build\Debug\obj\shell\link-cvtres.write.1.tlog
F:\src\v8_3_18_x64\build\Debug\obj\shell\mt.command.1.tlog
F:\src\v8_3_18_x64\build\Debug\obj\shell\mt.read.1.tlog
F:\src\v8_3_18_x64\build\Debug\obj\shell\mt.write.1.tlog
F:\src\v8_3_18_x64\build\Debug\obj\shell\rc.command.1.tlog
F:\src\v8_3_18_x64\build\Debug\obj\shell\rc.read.1.tlog
F:\src\v8_3_18_x64\build\Debug\obj\shell\rc.write.1.tlog
F:\SRC\V8_3_18_X64\BUILD\DEBUG\OBJ\SHELL\SHELL.EXE.EMBED.MANIFEST
F:\SRC\V8_3_18_X64\BUILD\DEBUG\OBJ\SHELL\SHELL.EXE.EMBED.MANIFEST.RES
F:\SRC\V8_3_18_X64\BUILD\DEBUG\OBJ\SHELL\SHELL.EXE.INTERMEDIATE.MANIFEST
F:\SRC\V8_3_18_X64\BUILD\DEBUG\OBJ\SHELL\SHELL.OBJ
F:\src\v8_3_18_x64\build\Debug\obj\shell\shell.write.1.tlog
F:\src\v8_3_18_x64\build\Debug\obj\shell\shell_manifest.rc
F:\SRC\V8_3_18_X64\BUILD\DEBUG\OBJ\SHELL\VC100.PDB
F:\SRC\V8_3_18_X64\BUILD\DEBUG\SHELL.EXE
F:\SRC\V8_3_18_X64\BUILD\DEBUG\SHELL.ILK
F:\SRC\V8_3_18_X64\BUILD\DEBUG\SHELL.PDB
