..\build\Debug\\process.exe
..\build\Debug\process.ilk
..\build\Debug\process.pdb
F:\src\v8_3_18_x64\build\Debug\obj\process\cl.command.1.tlog
F:\src\v8_3_18_x64\build\Debug\obj\process\CL.read.1.tlog
F:\src\v8_3_18_x64\build\Debug\obj\process\CL.write.1.tlog
F:\src\v8_3_18_x64\build\Debug\obj\process\link.16360.read.1.tlog
F:\src\v8_3_18_x64\build\Debug\obj\process\link.16360.write.1.tlog
F:\src\v8_3_18_x64\build\Debug\obj\process\link.16360-cvtres.read.1.tlog
F:\src\v8_3_18_x64\build\Debug\obj\process\link.16360-cvtres.write.1.tlog
F:\src\v8_3_18_x64\build\Debug\obj\process\link.command.1.tlog
F:\src\v8_3_18_x64\build\Debug\obj\process\link.read.1.tlog
F:\src\v8_3_18_x64\build\Debug\obj\process\link.write.1.tlog
F:\src\v8_3_18_x64\build\Debug\obj\process\link-cvtres.read.1.tlog
F:\src\v8_3_18_x64\build\Debug\obj\process\link-cvtres.write.1.tlog
F:\src\v8_3_18_x64\build\Debug\obj\process\mt.command.1.tlog
F:\src\v8_3_18_x64\build\Debug\obj\process\mt.read.1.tlog
F:\src\v8_3_18_x64\build\Debug\obj\process\mt.write.1.tlog
F:\SRC\V8_3_18_X64\BUILD\DEBUG\OBJ\PROCESS\PROCESS.EXE.EMBED.MANIFEST
F:\SRC\V8_3_18_X64\BUILD\DEBUG\OBJ\PROCESS\PROCESS.EXE.EMBED.MANIFEST.RES
F:\SRC\V8_3_18_X64\BUILD\DEBUG\OBJ\PROCESS\PROCESS.EXE.INTERMEDIATE.MANIFEST
F:\SRC\V8_3_18_X64\BUILD\DEBUG\OBJ\PROCESS\PROCESS.OBJ
F:\src\v8_3_18_x64\build\Debug\obj\process\process.write.1.tlog
F:\src\v8_3_18_x64\build\Debug\obj\process\process_manifest.rc
F:\src\v8_3_18_x64\build\Debug\obj\process\rc.command.1.tlog
F:\src\v8_3_18_x64\build\Debug\obj\process\rc.read.1.tlog
F:\src\v8_3_18_x64\build\Debug\obj\process\rc.write.1.tlog
F:\SRC\V8_3_18_X64\BUILD\DEBUG\OBJ\PROCESS\VC100.PDB
F:\SRC\V8_3_18_X64\BUILD\DEBUG\PROCESS.EXE
F:\SRC\V8_3_18_X64\BUILD\DEBUG\PROCESS.ILK
F:\SRC\V8_3_18_X64\BUILD\DEBUG\PROCESS.PDB
