C:\MIKUMIKUONLINE_SRC\CLIENT\WIN32\RELEASE\ACCOUNTMANAGER.OBJ
C:\MIKUMIKUONLINE_SRC\CLIENT\WIN32\RELEASE\BASE.OBJ
C:\MIKUMIKUONLINE_SRC\CLIENT\WIN32\RELEASE\CARD.OBJ
C:\MIKUMIKUONLINE_SRC\CLIENT\WIN32\RELEASE\CARDMANAGER.OBJ
C:\MIKUMIKUONLINE_SRC\CLIENT\WIN32\RELEASE\CHANNELCHANGE.OBJ
C:\MIKUMIKUONLINE_SRC\CLIENT\WIN32\RELEASE\CHARACTERMANAGER.OBJ
C:\mikumikuonline_src\client\Win32\Release\CL.18308.read.1.tlog
C:\mikumikuonline_src\client\Win32\Release\CL.18308.write.1.tlog
C:\mikumikuonline_src\client\Win32\Release\CL.21684.read.1.tlog
C:\mikumikuonline_src\client\Win32\Release\CL.21684.write.1.tlog
C:\mikumikuonline_src\client\Win32\Release\CL.22224.read.1.tlog
C:\mikumikuonline_src\client\Win32\Release\CL.22224.write.1.tlog
C:\mikumikuonline_src\client\Win32\Release\CL.24604.read.1.tlog
C:\mikumikuonline_src\client\Win32\Release\CL.24604.write.1.tlog
C:\mikumikuonline_src\client\Win32\Release\CL.24832.read.1.tlog
C:\mikumikuonline_src\client\Win32\Release\CL.24832.write.1.tlog
C:\mikumikuonline_src\client\Win32\Release\CL.24904.read.1.tlog
C:\mikumikuonline_src\client\Win32\Release\CL.24904.write.1.tlog
C:\mikumikuonline_src\client\Win32\Release\CL.25244.read.1.tlog
C:\mikumikuonline_src\client\Win32\Release\CL.25244.write.1.tlog
C:\mikumikuonline_src\client\Win32\Release\CL.25584.read.1.tlog
C:\mikumikuonline_src\client\Win32\Release\CL.25584.write.1.tlog
C:\mikumikuonline_src\client\Win32\Release\CL.26204.read.1.tlog
C:\mikumikuonline_src\client\Win32\Release\CL.26204.write.1.tlog
C:\mikumikuonline_src\client\Win32\Release\CL.27372.read.1.tlog
C:\mikumikuonline_src\client\Win32\Release\CL.27372.write.1.tlog
C:\mikumikuonline_src\client\Win32\Release\CL.27692.read.1.tlog
C:\mikumikuonline_src\client\Win32\Release\CL.27692.write.1.tlog
C:\mikumikuonline_src\client\Win32\Release\CL.28076.read.1.tlog
C:\mikumikuonline_src\client\Win32\Release\CL.28076.write.1.tlog
C:\mikumikuonline_src\client\Win32\Release\cl.command.1.tlog
C:\mikumikuonline_src\client\Win32\Release\CL.read.1.tlog
C:\mikumikuonline_src\client\Win32\Release\CL.write.1.tlog
C:\MIKUMIKUONLINE_SRC\CLIENT\WIN32\RELEASE\CLIENT.OBJ
C:\mikumikuonline_src\client\Win32\Release\client.vcxprojResolveAssemblyReference.cache
C:\mikumikuonline_src\client\Win32\Release\client.write.1.tlog
C:\MIKUMIKUONLINE_SRC\CLIENT\WIN32\RELEASE\CLIENT_WSS-MOD_BETA21.EXE.INTERMEDIATE.MANIFEST
C:\MIKUMIKUONLINE_SRC\CLIENT\WIN32\RELEASE\CLIENT_WSS-MOD_BETA21.PCH
C:\MIKUMIKUONLINE_SRC\CLIENT\WIN32\RELEASE\COMMAND.OBJ
C:\MIKUMIKUONLINE_SRC\CLIENT\WIN32\RELEASE\COMMANDMANAGER.OBJ
C:\MIKUMIKUONLINE_SRC\CLIENT\WIN32\RELEASE\CONFIGMANAGER.OBJ
C:\MIKUMIKUONLINE_SRC\CLIENT\WIN32\RELEASE\CONNECT.OBJ
C:\MIKUMIKUONLINE_SRC\CLIENT\WIN32\RELEASE\CORE.OBJ
C:\MIKUMIKUONLINE_SRC\CLIENT\WIN32\RELEASE\DASHBOARD.OBJ
C:\MIKUMIKUONLINE_SRC\CLIENT\WIN32\RELEASE\ENCRYPTER.OBJ
C:\MIKUMIKUONLINE_SRC\CLIENT\WIN32\RELEASE\FIELDPLAYER.OBJ
C:\MIKUMIKUONLINE_SRC\CLIENT\WIN32\RELEASE\GAMELOOP.OBJ
C:\MIKUMIKUONLINE_SRC\CLIENT\WIN32\RELEASE\GENERATEJSON.OBJ
C:\MIKUMIKUONLINE_SRC\CLIENT\WIN32\RELEASE\INIT.OBJ
C:\MIKUMIKUONLINE_SRC\CLIENT\WIN32\RELEASE\INPUT.OBJ
C:\MIKUMIKUONLINE_SRC\CLIENT\WIN32\RELEASE\INPUTBOX.OBJ
C:\MIKUMIKUONLINE_SRC\CLIENT\WIN32\RELEASE\INPUTMANAGER.OBJ
C:\MIKUMIKUONLINE_SRC\CLIENT\WIN32\RELEASE\LANGUAGE.OBJ
C:\mikumikuonline_src\client\Win32\Release\link.command.1.tlog
C:\mikumikuonline_src\client\Win32\Release\link.read.1.tlog
C:\mikumikuonline_src\client\Win32\Release\link.write.1.tlog
C:\mikumikuonline_src\client\Win32\Release\link-cvtres.read.1.tlog
C:\mikumikuonline_src\client\Win32\Release\link-cvtres.write.1.tlog
C:\MIKUMIKUONLINE_SRC\CLIENT\WIN32\RELEASE\LOBBY.OBJ
C:\MIKUMIKUONLINE_SRC\CLIENT\WIN32\RELEASE\LZ4.OBJ
C:\MIKUMIKUONLINE_SRC\CLIENT\WIN32\RELEASE\MAIN.OBJ
C:\MIKUMIKUONLINE_SRC\CLIENT\WIN32\RELEASE\MAINLOOP.OBJ
C:\MIKUMIKUONLINE_SRC\CLIENT\WIN32\RELEASE\MANAGERACCESSOR.OBJ
C:\MIKUMIKUONLINE_SRC\CLIENT\WIN32\RELEASE\MINIMAP.OBJ
C:\MIKUMIKUONLINE_SRC\CLIENT\WIN32\RELEASE\MOTIONPLAYER.OBJ
C:\mikumikuonline_src\client\Win32\Release\mt.command.1.tlog
C:\mikumikuonline_src\client\Win32\Release\mt.read.1.tlog
C:\mikumikuonline_src\client\Win32\Release\mt.write.1.tlog
C:\MIKUMIKUONLINE_SRC\CLIENT\WIN32\RELEASE\MUSIC.OBJ
C:\MIKUMIKUONLINE_SRC\CLIENT\WIN32\RELEASE\OPTION.OBJ
C:\MIKUMIKUONLINE_SRC\CLIENT\WIN32\RELEASE\PLAYER.OBJ
C:\MIKUMIKUONLINE_SRC\CLIENT\WIN32\RELEASE\PLAYERCHARACTER.OBJ
C:\MIKUMIKUONLINE_SRC\CLIENT\WIN32\RELEASE\PLAYERMANAGER.OBJ
C:\MIKUMIKUONLINE_SRC\CLIENT\WIN32\RELEASE\PMDLOADER.OBJ
C:\MIKUMIKUONLINE_SRC\CLIENT\WIN32\RELEASE\PROFILER.OBJ
C:\mikumikuonline_src\client\Win32\Release\rc.command.1.tlog
C:\mikumikuonline_src\client\Win32\Release\rc.read.1.tlog
C:\mikumikuonline_src\client\Win32\Release\rc.write.1.tlog
C:\MIKUMIKUONLINE_SRC\CLIENT\WIN32\RELEASE\RESOURCEMANAGER.OBJ
C:\MIKUMIKUONLINE_SRC\CLIENT\WIN32\RELEASE\RESOURSE.RES
C:\MIKUMIKUONLINE_SRC\CLIENT\WIN32\RELEASE\SCRIPTENVIRONMENT.OBJ
C:\MIKUMIKUONLINE_SRC\CLIENT\WIN32\RELEASE\SERVERCHANGE.OBJ
C:\MIKUMIKUONLINE_SRC\CLIENT\WIN32\RELEASE\SERVERLAUNCHER.OBJ
C:\MIKUMIKUONLINE_SRC\CLIENT\WIN32\RELEASE\SESSION.OBJ
C:\MIKUMIKUONLINE_SRC\CLIENT\WIN32\RELEASE\SIGNATURE.OBJ
C:\MIKUMIKUONLINE_SRC\CLIENT\WIN32\RELEASE\SOCKETSERVERMANAGER.OBJ
C:\MIKUMIKUONLINE_SRC\CLIENT\WIN32\RELEASE\STAGE.OBJ
C:\MIKUMIKUONLINE_SRC\CLIENT\WIN32\RELEASE\STDAFX.OBJ
C:\MIKUMIKUONLINE_SRC\CLIENT\WIN32\RELEASE\TIMER.OBJ
C:\MIKUMIKUONLINE_SRC\CLIENT\WIN32\RELEASE\TITLE.OBJ
C:\MIKUMIKUONLINE_SRC\CLIENT\WIN32\RELEASE\TLSF.OBJ
C:\MIKUMIKUONLINE_SRC\CLIENT\WIN32\RELEASE\UIBASE.OBJ
C:\MIKUMIKUONLINE_SRC\CLIENT\WIN32\RELEASE\UIBOARD.OBJ
C:\MIKUMIKUONLINE_SRC\CLIENT\WIN32\RELEASE\UIBUTTON.OBJ
C:\MIKUMIKUONLINE_SRC\CLIENT\WIN32\RELEASE\UICUSTOM.OBJ
C:\MIKUMIKUONLINE_SRC\CLIENT\WIN32\RELEASE\UIGROUP.OBJ
C:\MIKUMIKUONLINE_SRC\CLIENT\WIN32\RELEASE\UILABEL.OBJ
C:\MIKUMIKUONLINE_SRC\CLIENT\WIN32\RELEASE\UILIST.OBJ
C:\MIKUMIKUONLINE_SRC\CLIENT\WIN32\RELEASE\UISUPER.OBJ
C:\MIKUMIKUONLINE_SRC\CLIENT\WIN32\RELEASE\UNICODE.OBJ
C:\MIKUMIKUONLINE_SRC\CLIENT\WIN32\RELEASE\UTILS.OBJ
C:\MIKUMIKUONLINE_SRC\CLIENT\WIN32\RELEASE\VC100.PDB
C:\MIKUMIKUONLINE_SRC\CLIENT\WIN32\RELEASE\WINDOWMANAGER.OBJ
C:\MIKUMIKUONLINE_SRC\CLIENT\WIN32\RELEASE\WORLDMANAGER.OBJ
C:\MIKUMIKUONLINE_SRC\CLIENT_WSS-MOD_BETA21.EXE
C:\mikumikuonline_src\client_wss-mod_beta21.exp
C:\mikumikuonline_src\client_wss-mod_beta21.lib
