C:\mikumikuonline_src\src\DxLibMake3_22e\Release\cl.command.1.tlog
C:\mikumikuonline_src\src\DxLibMake3_22e\Release\CL.read.1.tlog
C:\mikumikuonline_src\src\DxLibMake3_22e\Release\CL.write.1.tlog
C:\MIKUMIKUONLINE_SRC\SRC\DXLIBMAKE3_22E\RELEASE\DXARCHIVE_.OBJ
C:\MIKUMIKUONLINE_SRC\SRC\DXLIBMAKE3_22E\RELEASE\DXASYNCLOAD.OBJ
C:\MIKUMIKUONLINE_SRC\SRC\DXLIBMAKE3_22E\RELEASE\DXBASEFUNC.OBJ
C:\MIKUMIKUONLINE_SRC\SRC\DXLIBMAKE3_22E\RELEASE\DXBASEFUNCWIN.OBJ
C:\MIKUMIKUONLINE_SRC\SRC\DXLIBMAKE3_22E\RELEASE\DXBASEIMAGE.OBJ
C:\MIKUMIKUONLINE_SRC\SRC\DXLIBMAKE3_22E\RELEASE\DXBASEIMAGEWIN.OBJ
C:\MIKUMIKUONLINE_SRC\SRC\DXLIBMAKE3_22E\RELEASE\DXCHAR.OBJ
C:\MIKUMIKUONLINE_SRC\SRC\DXLIBMAKE3_22E\RELEASE\DXCHARCODETABLE.OBJ
C:\MIKUMIKUONLINE_SRC\SRC\DXLIBMAKE3_22E\RELEASE\DXFILE.OBJ
C:\MIKUMIKUONLINE_SRC\SRC\DXLIBMAKE3_22E\RELEASE\DXFILEWIN.OBJ
C:\MIKUMIKUONLINE_SRC\SRC\DXLIBMAKE3_22E\RELEASE\DXFONT.OBJ
C:\MIKUMIKUONLINE_SRC\SRC\DXLIBMAKE3_22E\RELEASE\DXFONTWIN.OBJ
C:\MIKUMIKUONLINE_SRC\SRC\DXLIBMAKE3_22E\RELEASE\DXGATEWAY.OBJ
C:\MIKUMIKUONLINE_SRC\SRC\DXLIBMAKE3_22E\RELEASE\DXGRAPHICS.OBJ
C:\MIKUMIKUONLINE_SRC\SRC\DXLIBMAKE3_22E\RELEASE\DXGRAPHICSAPIWIN.OBJ
C:\MIKUMIKUONLINE_SRC\SRC\DXLIBMAKE3_22E\RELEASE\DXGRAPHICSD3D11.OBJ
C:\MIKUMIKUONLINE_SRC\SRC\DXLIBMAKE3_22E\RELEASE\DXGRAPHICSD3D9.OBJ
C:\MIKUMIKUONLINE_SRC\SRC\DXLIBMAKE3_22E\RELEASE\DXGRAPHICSFILTER.OBJ
C:\MIKUMIKUONLINE_SRC\SRC\DXLIBMAKE3_22E\RELEASE\DXGRAPHICSFILTERD3D11.OBJ
C:\MIKUMIKUONLINE_SRC\SRC\DXLIBMAKE3_22E\RELEASE\DXGRAPHICSFILTERD3D9.OBJ
C:\MIKUMIKUONLINE_SRC\SRC\DXLIBMAKE3_22E\RELEASE\DXGRAPHICSFILTERWIN.OBJ
C:\MIKUMIKUONLINE_SRC\SRC\DXLIBMAKE3_22E\RELEASE\DXGRAPHICSWIN.OBJ
C:\MIKUMIKUONLINE_SRC\SRC\DXLIBMAKE3_22E\RELEASE\DXGUID.OBJ
C:\MIKUMIKUONLINE_SRC\SRC\DXLIBMAKE3_22E\RELEASE\DXHANDLE.OBJ
C:\MIKUMIKUONLINE_SRC\SRC\DXLIBMAKE3_22E\RELEASE\DXHEAP.OBJ
C:\MIKUMIKUONLINE_SRC\SRC\DXLIBMAKE3_22E\RELEASE\DXINPUT.OBJ
C:\MIKUMIKUONLINE_SRC\SRC\DXLIBMAKE3_22E\RELEASE\DXINPUTSTRING.OBJ
C:\MIKUMIKUONLINE_SRC\SRC\DXLIBMAKE3_22E\RELEASE\DXINPUTWIN.OBJ
C:\MIKUMIKUONLINE_SRC\SRC\DXLIBMAKE3_22E\RELEASE\DXKEYHOOKBINARY.OBJ
C:\MIKUMIKUONLINE_SRC\SRC\DXLIBMAKE3_22E\RELEASE\DXLIB.LIB
C:\mikumikuonline_src\src\DxLibMake3_22e\Release\DxLibMake.write.1.tlog
C:\MIKUMIKUONLINE_SRC\SRC\DXLIBMAKE3_22E\RELEASE\DXLIVE2DCUBISM4.OBJ
C:\MIKUMIKUONLINE_SRC\SRC\DXLIBMAKE3_22E\RELEASE\DXLIVE2DCUBISM4WIN.OBJ
C:\MIKUMIKUONLINE_SRC\SRC\DXLIBMAKE3_22E\RELEASE\DXLOG.OBJ
C:\MIKUMIKUONLINE_SRC\SRC\DXLIBMAKE3_22E\RELEASE\DXLOGWIN.OBJ
C:\MIKUMIKUONLINE_SRC\SRC\DXLIBMAKE3_22E\RELEASE\DXMASK.OBJ
C:\MIKUMIKUONLINE_SRC\SRC\DXLIBMAKE3_22E\RELEASE\DXMASKD3D11.OBJ
C:\MIKUMIKUONLINE_SRC\SRC\DXLIBMAKE3_22E\RELEASE\DXMASKD3D9.OBJ
C:\MIKUMIKUONLINE_SRC\SRC\DXLIBMAKE3_22E\RELEASE\DXMASKWIN.OBJ
C:\MIKUMIKUONLINE_SRC\SRC\DXLIBMAKE3_22E\RELEASE\DXMATH.OBJ
C:\MIKUMIKUONLINE_SRC\SRC\DXLIBMAKE3_22E\RELEASE\DXMEMIMG.OBJ
C:\MIKUMIKUONLINE_SRC\SRC\DXLIBMAKE3_22E\RELEASE\DXMEMORY.OBJ
C:\MIKUMIKUONLINE_SRC\SRC\DXLIBMAKE3_22E\RELEASE\DXMEMORYWIN.OBJ
C:\MIKUMIKUONLINE_SRC\SRC\DXLIBMAKE3_22E\RELEASE\DXMODEL.OBJ
C:\MIKUMIKUONLINE_SRC\SRC\DXLIBMAKE3_22E\RELEASE\DXMODELD3D11.OBJ
C:\MIKUMIKUONLINE_SRC\SRC\DXLIBMAKE3_22E\RELEASE\DXMODELD3D9.OBJ
C:\MIKUMIKUONLINE_SRC\SRC\DXLIBMAKE3_22E\RELEASE\DXMODELLOADER0.OBJ
C:\MIKUMIKUONLINE_SRC\SRC\DXLIBMAKE3_22E\RELEASE\DXMODELLOADER1.OBJ
C:\MIKUMIKUONLINE_SRC\SRC\DXLIBMAKE3_22E\RELEASE\DXMODELLOADER2.OBJ
C:\MIKUMIKUONLINE_SRC\SRC\DXLIBMAKE3_22E\RELEASE\DXMODELLOADER3.OBJ
C:\MIKUMIKUONLINE_SRC\SRC\DXLIBMAKE3_22E\RELEASE\DXMODELLOADER4.OBJ
C:\MIKUMIKUONLINE_SRC\SRC\DXLIBMAKE3_22E\RELEASE\DXMODELLOADERVMD.OBJ
C:\MIKUMIKUONLINE_SRC\SRC\DXLIBMAKE3_22E\RELEASE\DXMODELREAD.OBJ
C:\MIKUMIKUONLINE_SRC\SRC\DXLIBMAKE3_22E\RELEASE\DXMODELWIN.OBJ
C:\MIKUMIKUONLINE_SRC\SRC\DXLIBMAKE3_22E\RELEASE\DXMOVIE.OBJ
C:\MIKUMIKUONLINE_SRC\SRC\DXLIBMAKE3_22E\RELEASE\DXMOVIEWIN.OBJ
C:\MIKUMIKUONLINE_SRC\SRC\DXLIBMAKE3_22E\RELEASE\DXNETWORK.OBJ
C:\MIKUMIKUONLINE_SRC\SRC\DXLIBMAKE3_22E\RELEASE\DXNETWORKWIN.OBJ
C:\MIKUMIKUONLINE_SRC\SRC\DXLIBMAKE3_22E\RELEASE\DXRINGBUFFER.OBJ
C:\MIKUMIKUONLINE_SRC\SRC\DXLIBMAKE3_22E\RELEASE\DXSHADERCODEBIN_BASE_D3D11.OBJ
C:\MIKUMIKUONLINE_SRC\SRC\DXLIBMAKE3_22E\RELEASE\DXSHADERCODEBIN_BASE_D3D9.OBJ
C:\MIKUMIKUONLINE_SRC\SRC\DXLIBMAKE3_22E\RELEASE\DXSHADERCODEBIN_BASE3D_D3D11.OBJ
C:\MIKUMIKUONLINE_SRC\SRC\DXLIBMAKE3_22E\RELEASE\DXSHADERCODEBIN_BASE3D_D3D9.OBJ
C:\MIKUMIKUONLINE_SRC\SRC\DXLIBMAKE3_22E\RELEASE\DXSHADERCODEBIN_FILTER_D3D11.OBJ
C:\MIKUMIKUONLINE_SRC\SRC\DXLIBMAKE3_22E\RELEASE\DXSHADERCODEBIN_FILTER_D3D9.OBJ
C:\MIKUMIKUONLINE_SRC\SRC\DXLIBMAKE3_22E\RELEASE\DXSHADERCODEBIN_LIVE2D_CUBISM4_D3D11.OBJ
C:\MIKUMIKUONLINE_SRC\SRC\DXLIBMAKE3_22E\RELEASE\DXSHADERCODEBIN_LIVE2D_CUBISM4_D3D9.OBJ
C:\MIKUMIKUONLINE_SRC\SRC\DXLIBMAKE3_22E\RELEASE\DXSHADERCODEBIN_MODEL_D3D11.OBJ
C:\MIKUMIKUONLINE_SRC\SRC\DXLIBMAKE3_22E\RELEASE\DXSHADERCODEBIN_MODEL_D3D9.OBJ
C:\MIKUMIKUONLINE_SRC\SRC\DXLIBMAKE3_22E\RELEASE\DXSHADERCODEBIN_RGBAMIX_D3D11.OBJ
C:\MIKUMIKUONLINE_SRC\SRC\DXLIBMAKE3_22E\RELEASE\DXSHADERCODEBIN_RGBAMIX_D3D9.OBJ
C:\MIKUMIKUONLINE_SRC\SRC\DXLIBMAKE3_22E\RELEASE\DXSHADERCODETXT_D3D11.OBJ
C:\MIKUMIKUONLINE_SRC\SRC\DXLIBMAKE3_22E\RELEASE\DXSHADERCODETXT_D3D9.OBJ
C:\MIKUMIKUONLINE_SRC\SRC\DXLIBMAKE3_22E\RELEASE\DXSOFTIMAGE.OBJ
C:\MIKUMIKUONLINE_SRC\SRC\DXLIBMAKE3_22E\RELEASE\DXSOUND.OBJ
C:\MIKUMIKUONLINE_SRC\SRC\DXLIBMAKE3_22E\RELEASE\DXSOUNDCONVERT.OBJ
C:\MIKUMIKUONLINE_SRC\SRC\DXLIBMAKE3_22E\RELEASE\DXSOUNDCONVERTWIN.OBJ
C:\MIKUMIKUONLINE_SRC\SRC\DXLIBMAKE3_22E\RELEASE\DXSOUNDWIN.OBJ
C:\MIKUMIKUONLINE_SRC\SRC\DXLIBMAKE3_22E\RELEASE\DXSYSTEM.OBJ
C:\MIKUMIKUONLINE_SRC\SRC\DXLIBMAKE3_22E\RELEASE\DXSYSTEMWIN.OBJ
C:\MIKUMIKUONLINE_SRC\SRC\DXLIBMAKE3_22E\RELEASE\DXTHREAD.OBJ
C:\MIKUMIKUONLINE_SRC\SRC\DXLIBMAKE3_22E\RELEASE\DXTHREADWIN.OBJ
C:\MIKUMIKUONLINE_SRC\SRC\DXLIBMAKE3_22E\RELEASE\DXWINAPI.OBJ
C:\MIKUMIKUONLINE_SRC\SRC\DXLIBMAKE3_22E\RELEASE\DXWINDOW.OBJ
C:\mikumikuonline_src\src\DxLibMake3_22e\Release\lib.command.1.tlog
C:\mikumikuonline_src\src\DxLibMake3_22e\Release\Lib-link.read.1.tlog
C:\mikumikuonline_src\src\DxLibMake3_22e\Release\Lib-link.write.1.tlog
